<?xml version="1.0" encoding="UTF-8"?>
<!-- Generated by org.testng.reporters.JUnitXMLReporter -->
<testsuite ignored="0" hostname="SILPA_M" failures="1" tests="2" name="Default test" time="12.33" errors="0" timestamp="2024-05-09T11:43:49 IST">
  <testcase classname="testpkg.Ahamtest" name="icon" time="3.873"/>
  <testcase classname="testpkg.Ahamtest" name="login" time="1.181">
    <failure type="java.lang.StackOverflowError">
      <![CDATA[java.lang.StackOverflowError
at pagepkg.Ahampage.clear(Ahampage.java:28)
at pagepkg.Ahampage.clear(Ahampage.java:28)
at pagepkg.Ahampage.clear(Ahampage.java:28)
at pagepkg.Ahampage.clear(Ahampage.java:28)
at pagepkg.Ahampage.clear(Ahampage.java:28)
at pagepkg.Ahampage.clear(Ahampage.java:28)
at pagepkg.Ahampage.clear(Ahampage.java:28)
at pagepkg.Ahampage.clear(Ahampage.java:28)
at pagepkg.Ahampage.clear(Ahampage.java:28)
at pagepkg.Ahampage.clear(Ahampage.java:28)
at pagepkg.Ahampage.clear(Ahampage.java:28)
at pagepkg.Ahampage.clear(Ahampage.java:28)
at pagepkg.Ahampage.clear(Ahampage.java:28)
at pagepkg.Ahampage.clear(Ahampage.java:28)
at pagepkg.Ahampage.clear(Ahampage.java:28)
at pagepkg.Ahampage.clear(Ahampage.java:28)
at pagepkg.Ahampage.clear(Ahampage.java:28)
at pagepkg.Ahampage.clear(Ahampage.java:28)
at pagepkg.Ahampage.clear(Ahampage.java:28)
at pagepkg.Ahampage.clear(Ahampage.java:28)
at pagepkg.Ahampage.clear(Ahampage.java:28)
at pagepkg.Ahampage.clear(Ahampage.java:28)
at pagepkg.Ahampage.clear(Ahampage.java:28)
at pagepkg.Ahampage.clear(Ahampage.java:28)
at pagepkg.Ahampage.clear(Ahampage.java:28)
at pagepkg.Ahampage.clear(Ahampage.java:28)
at pagepkg.Ahampage.clear(Ahampage.java:28)
at pagepkg.Ahampage.clear(Ahampage.java:28)
at pagepkg.Ahampage.clear(Ahampage.java:28)
at pagepkg.Ahampage.clear(Ahampage.java:28)
at pagepkg.Ahampage.clear(Ahampage.java:28)
at pagepkg.Ahampage.clear(Ahampage.java:28)
at pagepkg.Ahampage.clear(Ahampage.java:28)
at pagepkg.Ahampage.clear(Ahampage.java:28)
at pagepkg.Ahampage.clear(Ahampage.java:28)
at pagepkg.Ahampage.clear(Ahampage.java:28)
at pagepkg.Ahampage.clear(Ahampage.java:28)
at pagepkg.Ahampage.clear(Ahampage.java:28)
at pagepkg.Ahampage.clear(Ahampage.java:28)
at pagepkg.Ahampage.clear(Ahampage.java:28)
at pagepkg.Ahampage.clear(Ahampage.java:28)
at pagepkg.Ahampage.clear(Ahampage.java:28)
at pagepkg.Ahampage.clear(Ahampage.java:28)
at pagepkg.Ahampage.clear(Ahampage.java:28)
at pagepkg.Ahampage.clear(Ahampage.java:28)
at pagepkg.Ahampage.clear(Ahampage.java:28)
at pagepkg.Ahampage.clear(Ahampage.java:28)
at pagepkg.Ahampage.clear(Ahampage.java:28)
at pagepkg.Ahampage.clear(Ahampage.java:28)
at pagepkg.Ahampage.clear(Ahampage.java:28)
at pagepkg.Ahampage.clear(Ahampage.java:28)
at pagepkg.Ahampage.clear(Ahampage.java:28)
at pagepkg.Ahampage.clear(Ahampage.java:28)
at pagepkg.Ahampage.clear(Ahampage.java:28)
at pagepkg.Ahampage.clear(Ahampage.java:28)
at pagepkg.Ahampage.clear(Ahampage.java:28)
at pagepkg.Ahampage.clear(Ahampage.java:28)
at pagepkg.Ahampage.clear(Ahampage.java:28)
at pagepkg.Ahampage.clear(Ahampage.java:28)
at pagepkg.Ahampage.clear(Ahampage.java:28)
at pagepkg.Ahampage.clear(Ahampage.java:28)
at pagepkg.Ahampage.clear(Ahampage.java:28)
at pagepkg.Ahampage.clear(Ahampage.java:28)
at pagepkg.Ahampage.clear(Ahampage.java:28)
at pagepkg.Ahampage.clear(Ahampage.java:28)
at pagepkg.Ahampage.clear(Ahampage.java:28)
at pagepkg.Ahampage.clear(Ahampage.java:28)
at pagepkg.Ahampage.clear(Ahampage.java:28)
at pagepkg.Ahampage.clear(Ahampage.java:28)
at pagepkg.Ahampage.clear(Ahampage.java:28)
at pagepkg.Ahampage.clear(Ahampage.java:28)
at pagepkg.Ahampage.clear(Ahampage.java:28)
at pagepkg.Ahampage.clear(Ahampage.java:28)
at pagepkg.Ahampage.clear(Ahampage.java:28)
at pagepkg.Ahampage.clear(Ahampage.java:28)
at pagepkg.Ahampage.clear(Ahampage.java:28)
at pagepkg.Ahampage.clear(Ahampage.java:28)
at pagepkg.Ahampage.clear(Ahampage.java:28)
at pagepkg.Ahampage.clear(Ahampage.java:28)
at pagepkg.Ahampage.clear(Ahampage.java:28)
at pagepkg.Ahampage.clear(Ahampage.java:28)
at pagepkg.Ahampage.clear(Ahampage.java:28)
at pagepkg.Ahampage.clear(Ahampage.java:28)
at pagepkg.Ahampage.clear(Ahampage.java:28)
at pagepkg.Ahampage.clear(Ahampage.java:28)
at pagepkg.Ahampage.clear(Ahampage.java:28)
at pagepkg.Ahampage.clear(Ahampage.java:28)
at pagepkg.Ahampage.clear(Ahampage.java:28)
at pagepkg.Ahampage.clear(Ahampage.java:28)
at pagepkg.Ahampage.clear(Ahampage.java:28)
at pagepkg.Ahampage.clear(Ahampage.java:28)
at pagepkg.Ahampage.clear(Ahampage.java:28)
at pagepkg.Ahampage.clear(Ahampage.java:28)
at pagepkg.Ahampage.clear(Ahampage.java:28)
at pagepkg.Ahampage.clear(Ahampage.java:28)
at pagepkg.Ahampage.clear(Ahampage.java:28)
at pagepkg.Ahampage.clear(Ahampage.java:28)
at pagepkg.Ahampage.clear(Ahampage.java:28)
at pagepkg.Ahampage.clear(Ahampage.java:28)
at pagepkg.Ahampage.clear(Ahampage.java:28)
at pagepkg.Ahampage.clear(Ahampage.java:28)
at pagepkg.Ahampage.clear(Ahampage.java:28)
at pagepkg.Ahampage.clear(Ahampage.java:28)
at pagepkg.Ahampage.clear(Ahampage.java:28)
at pagepkg.Ahampage.clear(Ahampage.java:28)
at pagepkg.Ahampage.clear(Ahampage.java:28)
at pagepkg.Ahampage.clear(Ahampage.java:28)
at pagepkg.Ahampage.clear(Ahampage.java:28)
at pagepkg.Ahampage.clear(Ahampage.java:28)
at pagepkg.Ahampage.clear(Ahampage.java:28)
at pagepkg.Ahampage.clear(Ahampage.java:28)
at pagepkg.Ahampage.clear(Ahampage.java:28)
at pagepkg.Ahampage.clear(Ahampage.java:28)
at pagepkg.Ahampage.clear(Ahampage.java:28)
at pagepkg.Ahampage.clear(Ahampage.java:28)
at pagepkg.Ahampage.clear(Ahampage.java:28)
at pagepkg.Ahampage.clear(Ahampage.java:28)
at pagepkg.Ahampage.clear(Ahampage.java:28)
at pagepkg.Ahampage.clear(Ahampage.java:28)
at pagepkg.Ahampage.clear(Ahampage.java:28)
at pagepkg.Ahampage.clear(Ahampage.java:28)
at pagepkg.Ahampage.clear(Ahampage.java:28)
at pagepkg.Ahampage.clear(Ahampage.java:28)
at pagepkg.Ahampage.clear(Ahampage.java:28)
at pagepkg.Ahampage.clear(Ahampage.java:28)
at pagepkg.Ahampage.clear(Ahampage.java:28)
at pagepkg.Ahampage.clear(Ahampage.java:28)
at pagepkg.Ahampage.clear(Ahampage.java:28)
at pagepkg.Ahampage.clear(Ahampage.java:28)
at pagepkg.Ahampage.clear(Ahampage.java:28)
at pagepkg.Ahampage.clear(Ahampage.java:28)
at pagepkg.Ahampage.clear(Ahampage.java:28)
at pagepkg.Ahampage.clear(Ahampage.java:28)
at pagepkg.Ahampage.clear(Ahampage.java:28)
at pagepkg.Ahampage.clear(Ahampage.java:28)
at pagepkg.Ahampage.clear(Ahampage.java:28)
at pagepkg.Ahampage.clear(Ahampage.java:28)
at pagepkg.Ahampage.clear(Ahampage.java:28)
at pagepkg.Ahampage.clear(Ahampage.java:28)
at pagepkg.Ahampage.clear(Ahampage.java:28)
at pagepkg.Ahampage.clear(Ahampage.java:28)
at pagepkg.Ahampage.clear(Ahampage.java:28)
at pagepkg.Ahampage.clear(Ahampage.java:28)
at pagepkg.Ahampage.clear(Ahampage.java:28)
at pagepkg.Ahampage.clear(Ahampage.java:28)
at pagepkg.Ahampage.clear(Ahampage.java:28)
at pagepkg.Ahampage.clear(Ahampage.java:28)
at pagepkg.Ahampage.clear(Ahampage.java:28)
at pagepkg.Ahampage.clear(Ahampage.java:28)
at pagepkg.Ahampage.clear(Ahampage.java:28)
at pagepkg.Ahampage.clear(Ahampage.java:28)
at pagepkg.Ahampage.clear(Ahampage.java:28)
at pagepkg.Ahampage.clear(Ahampage.java:28)
at pagepkg.Ahampage.clear(Ahampage.java:28)
at pagepkg.Ahampage.clear(Ahampage.java:28)
at pagepkg.Ahampage.clear(Ahampage.java:28)
at pagepkg.Ahampage.clear(Ahampage.java:28)
at pagepkg.Ahampage.clear(Ahampage.java:28)
at pagepkg.Ahampage.clear(Ahampage.java:28)
at pagepkg.Ahampage.clear(Ahampage.java:28)
at pagepkg.Ahampage.clear(Ahampage.java:28)
at pagepkg.Ahampage.clear(Ahampage.java:28)
at pagepkg.Ahampage.clear(Ahampage.java:28)
at pagepkg.Ahampage.clear(Ahampage.java:28)
at pagepkg.Ahampage.clear(Ahampage.java:28)
at pagepkg.Ahampage.clear(Ahampage.java:28)
at pagepkg.Ahampage.clear(Ahampage.java:28)
at pagepkg.Ahampage.clear(Ahampage.java:28)
at pagepkg.Ahampage.clear(Ahampage.java:28)
at pagepkg.Ahampage.clear(Ahampage.java:28)
at pagepkg.Ahampage.clear(Ahampage.java:28)
at pagepkg.Ahampage.clear(Ahampage.java:28)
at pagepkg.Ahampage.clear(Ahampage.java:28)
at pagepkg.Ahampage.clear(Ahampage.java:28)
at pagepkg.Ahampage.clear(Ahampage.java:28)
at pagepkg.Ahampage.clear(Ahampage.java:28)
at pagepkg.Ahampage.clear(Ahampage.java:28)
at pagepkg.Ahampage.clear(Ahampage.java:28)
at pagepkg.Ahampage.clear(Ahampage.java:28)
at pagepkg.Ahampage.clear(Ahampage.java:28)
at pagepkg.Ahampage.clear(Ahampage.java:28)
at pagepkg.Ahampage.clear(Ahampage.java:28)
at pagepkg.Ahampage.clear(Ahampage.java:28)
at pagepkg.Ahampage.clear(Ahampage.java:28)
at pagepkg.Ahampage.clear(Ahampage.java:28)
at pagepkg.Ahampage.clear(Ahampage.java:28)
at pagepkg.Ahampage.clear(Ahampage.java:28)
at pagepkg.Ahampage.clear(Ahampage.java:28)
at pagepkg.Ahampage.clear(Ahampage.java:28)
at pagepkg.Ahampage.clear(Ahampage.java:28)
at pagepkg.Ahampage.clear(Ahampage.java:28)
at pagepkg.Ahampage.clear(Ahampage.java:28)
at pagepkg.Ahampage.clear(Ahampage.java:28)
at pagepkg.Ahampage.clear(Ahampage.java:28)
at pagepkg.Ahampage.clear(Ahampage.java:28)
at pagepkg.Ahampage.clear(Ahampage.java:28)
at pagepkg.Ahampage.clear(Ahampage.java:28)
at pagepkg.Ahampage.clear(Ahampage.java:28)
at pagepkg.Ahampage.clear(Ahampage.java:28)
at pagepkg.Ahampage.clear(Ahampage.java:28)
at pagepkg.Ahampage.clear(Ahampage.java:28)
at pagepkg.Ahampage.clear(Ahampage.java:28)
at pagepkg.Ahampage.clear(Ahampage.java:28)
at pagepkg.Ahampage.clear(Ahampage.java:28)
at pagepkg.Ahampage.clear(Ahampage.java:28)
at pagepkg.Ahampage.clear(Ahampage.java:28)
at pagepkg.Ahampage.clear(Ahampage.java:28)
at pagepkg.Ahampage.clear(Ahampage.java:28)
at pagepkg.Ahampage.clear(Ahampage.java:28)
at pagepkg.Ahampage.clear(Ahampage.java:28)
at pagepkg.Ahampage.clear(Ahampage.java:28)
at pagepkg.Ahampage.clear(Ahampage.java:28)
at pagepkg.Ahampage.clear(Ahampage.java:28)
at pagepkg.Ahampage.clear(Ahampage.java:28)
at pagepkg.Ahampage.clear(Ahampage.java:28)
at pagepkg.Ahampage.clear(Ahampage.java:28)
at pagepkg.Ahampage.clear(Ahampage.java:28)
at pagepkg.Ahampage.clear(Ahampage.java:28)
at pagepkg.Ahampage.clear(Ahampage.java:28)
at pagepkg.Ahampage.clear(Ahampage.java:28)
at pagepkg.Ahampage.clear(Ahampage.java:28)
at pagepkg.Ahampage.clear(Ahampage.java:28)
at pagepkg.Ahampage.clear(Ahampage.java:28)
at pagepkg.Ahampage.clear(Ahampage.java:28)
at pagepkg.Ahampage.clear(Ahampage.java:28)
at pagepkg.Ahampage.clear(Ahampage.java:28)
at pagepkg.Ahampage.clear(Ahampage.java:28)
at pagepkg.Ahampage.clear(Ahampage.java:28)
at pagepkg.Ahampage.clear(Ahampage.java:28)
at pagepkg.Ahampage.clear(Ahampage.java:28)
at pagepkg.Ahampage.clear(Ahampage.java:28)
at pagepkg.Ahampage.clear(Ahampage.java:28)
at pagepkg.Ahampage.clear(Ahampage.java:28)
at pagepkg.Ahampage.clear(Ahampage.java:28)
at pagepkg.Ahampage.clear(Ahampage.java:28)
at pagepkg.Ahampage.clear(Ahampage.java:28)
at pagepkg.Ahampage.clear(Ahampage.java:28)
at pagepkg.Ahampage.clear(Ahampage.java:28)
at pagepkg.Ahampage.clear(Ahampage.java:28)
at pagepkg.Ahampage.clear(Ahampage.java:28)
at pagepkg.Ahampage.clear(Ahampage.java:28)
at pagepkg.Ahampage.clear(Ahampage.java:28)
at pagepkg.Ahampage.clear(Ahampage.java:28)
at pagepkg.Ahampage.clear(Ahampage.java:28)
at pagepkg.Ahampage.clear(Ahampage.java:28)
at pagepkg.Ahampage.clear(Ahampage.java:28)
at pagepkg.Ahampage.clear(Ahampage.java:28)
at pagepkg.Ahampage.clear(Ahampage.java:28)
at pagepkg.Ahampage.clear(Ahampage.java:28)
at pagepkg.Ahampage.clear(Ahampage.java:28)
at pagepkg.Ahampage.clear(Ahampage.java:28)
at pagepkg.Ahampage.clear(Ahampage.java:28)
at pagepkg.Ahampage.clear(Ahampage.java:28)
at pagepkg.Ahampage.clear(Ahampage.java:28)
at pagepkg.Ahampage.clear(Ahampage.java:28)
at pagepkg.Ahampage.clear(Ahampage.java:28)
at pagepkg.Ahampage.clear(Ahampage.java:28)
at pagepkg.Ahampage.clear(Ahampage.java:28)
at pagepkg.Ahampage.clear(Ahampage.java:28)
at pagepkg.Ahampage.clear(Ahampage.java:28)
at pagepkg.Ahampage.clear(Ahampage.java:28)
at pagepkg.Ahampage.clear(Ahampage.java:28)
at pagepkg.Ahampage.clear(Ahampage.java:28)
at pagepkg.Ahampage.clear(Ahampage.java:28)
at pagepkg.Ahampage.clear(Ahampage.java:28)
at pagepkg.Ahampage.clear(Ahampage.java:28)
at pagepkg.Ahampage.clear(Ahampage.java:28)
at pagepkg.Ahampage.clear(Ahampage.java:28)
at pagepkg.Ahampage.clear(Ahampage.java:28)
at pagepkg.Ahampage.clear(Ahampage.java:28)
at pagepkg.Ahampage.clear(Ahampage.java:28)
at pagepkg.Ahampage.clear(Ahampage.java:28)
at pagepkg.Ahampage.clear(Ahampage.java:28)
at pagepkg.Ahampage.clear(Ahampage.java:28)
at pagepkg.Ahampage.clear(Ahampage.java:28)
at pagepkg.Ahampage.clear(Ahampage.java:28)
at pagepkg.Ahampage.clear(Ahampage.java:28)
at pagepkg.Ahampage.clear(Ahampage.java:28)
at pagepkg.Ahampage.clear(Ahampage.java:28)
at pagepkg.Ahampage.clear(Ahampage.java:28)
at pagepkg.Ahampage.clear(Ahampage.java:28)
at pagepkg.Ahampage.clear(Ahampage.java:28)
at pagepkg.Ahampage.clear(Ahampage.java:28)
at pagepkg.Ahampage.clear(Ahampage.java:28)
at pagepkg.Ahampage.clear(Ahampage.java:28)
at pagepkg.Ahampage.clear(Ahampage.java:28)
at pagepkg.Ahampage.clear(Ahampage.java:28)
at pagepkg.Ahampage.clear(Ahampage.java:28)
at pagepkg.Ahampage.clear(Ahampage.java:28)
at pagepkg.Ahampage.clear(Ahampage.java:28)
at pagepkg.Ahampage.clear(Ahampage.java:28)
at pagepkg.Ahampage.clear(Ahampage.java:28)
at pagepkg.Ahampage.clear(Ahampage.java:28)
at pagepkg.Ahampage.clear(Ahampage.java:28)
at pagepkg.Ahampage.clear(Ahampage.java:28)
at pagepkg.Ahampage.clear(Ahampage.java:28)
at pagepkg.Ahampage.clear(Ahampage.java:28)
at pagepkg.Ahampage.clear(Ahampage.java:28)
at pagepkg.Ahampage.clear(Ahampage.java:28)
at pagepkg.Ahampage.clear(Ahampage.java:28)
at pagepkg.Ahampage.clear(Ahampage.java:28)
at pagepkg.Ahampage.clear(Ahampage.java:28)
at pagepkg.Ahampage.clear(Ahampage.java:28)
at pagepkg.Ahampage.clear(Ahampage.java:28)
at pagepkg.Ahampage.clear(Ahampage.java:28)
at pagepkg.Ahampage.clear(Ahampage.java:28)
at pagepkg.Ahampage.clear(Ahampage.java:28)
at pagepkg.Ahampage.clear(Ahampage.java:28)
at pagepkg.Ahampage.clear(Ahampage.java:28)
at pagepkg.Ahampage.clear(Ahampage.java:28)
at pagepkg.Ahampage.clear(Ahampage.java:28)
at pagepkg.Ahampage.clear(Ahampage.java:28)
at pagepkg.Ahampage.clear(Ahampage.java:28)
at pagepkg.Ahampage.clear(Ahampage.java:28)
at pagepkg.Ahampage.clear(Ahampage.java:28)
at pagepkg.Ahampage.clear(Ahampage.java:28)
at pagepkg.Ahampage.clear(Ahampage.java:28)
at pagepkg.Ahampage.clear(Ahampage.java:28)
at pagepkg.Ahampage.clear(Ahampage.java:28)
at pagepkg.Ahampage.clear(Ahampage.java:28)
at pagepkg.Ahampage.clear(Ahampage.java:28)
at pagepkg.Ahampage.clear(Ahampage.java:28)
at pagepkg.Ahampage.clear(Ahampage.java:28)
at pagepkg.Ahampage.clear(Ahampage.java:28)
at pagepkg.Ahampage.clear(Ahampage.java:28)
at pagepkg.Ahampage.clear(Ahampage.java:28)
at pagepkg.Ahampage.clear(Ahampage.java:28)
at pagepkg.Ahampage.clear(Ahampage.java:28)
at pagepkg.Ahampage.clear(Ahampage.java:28)
at pagepkg.Ahampage.clear(Ahampage.java:28)
at pagepkg.Ahampage.clear(Ahampage.java:28)
at pagepkg.Ahampage.clear(Ahampage.java:28)
at pagepkg.Ahampage.clear(Ahampage.java:28)
at pagepkg.Ahampage.clear(Ahampage.java:28)
at pagepkg.Ahampage.clear(Ahampage.java:28)
at pagepkg.Ahampage.clear(Ahampage.java:28)
at pagepkg.Ahampage.clear(Ahampage.java:28)
at pagepkg.Ahampage.clear(Ahampage.java:28)
at pagepkg.Ahampage.clear(Ahampage.java:28)
at pagepkg.Ahampage.clear(Ahampage.java:28)
at pagepkg.Ahampage.clear(Ahampage.java:28)
at pagepkg.Ahampage.clear(Ahampage.java:28)
at pagepkg.Ahampage.clear(Ahampage.java:28)
at pagepkg.Ahampage.clear(Ahampage.java:28)
at pagepkg.Ahampage.clear(Ahampage.java:28)
at pagepkg.Ahampage.clear(Ahampage.java:28)
at pagepkg.Ahampage.clear(Ahampage.java:28)
at pagepkg.Ahampage.clear(Ahampage.java:28)
at pagepkg.Ahampage.clear(Ahampage.java:28)
at pagepkg.Ahampage.clear(Ahampage.java:28)
at pagepkg.Ahampage.clear(Ahampage.java:28)
at pagepkg.Ahampage.clear(Ahampage.java:28)
at pagepkg.Ahampage.clear(Ahampage.java:28)
at pagepkg.Ahampage.clear(Ahampage.java:28)
at pagepkg.Ahampage.clear(Ahampage.java:28)
at pagepkg.Ahampage.clear(Ahampage.java:28)
at pagepkg.Ahampage.clear(Ahampage.java:28)
at pagepkg.Ahampage.clear(Ahampage.java:28)
at pagepkg.Ahampage.clear(Ahampage.java:28)
at pagepkg.Ahampage.clear(Ahampage.java:28)
at pagepkg.Ahampage.clear(Ahampage.java:28)
at pagepkg.Ahampage.clear(Ahampage.java:28)
at pagepkg.Ahampage.clear(Ahampage.java:28)
at pagepkg.Ahampage.clear(Ahampage.java:28)
at pagepkg.Ahampage.clear(Ahampage.java:28)
at pagepkg.Ahampage.clear(Ahampage.java:28)
at pagepkg.Ahampage.clear(Ahampage.java:28)
at pagepkg.Ahampage.clear(Ahampage.java:28)
at pagepkg.Ahampage.clear(Ahampage.java:28)
at pagepkg.Ahampage.clear(Ahampage.java:28)
at pagepkg.Ahampage.clear(Ahampage.java:28)
at pagepkg.Ahampage.clear(Ahampage.java:28)
at pagepkg.Ahampage.clear(Ahampage.java:28)
at pagepkg.Ahampage.clear(Ahampage.java:28)
at pagepkg.Ahampage.clear(Ahampage.java:28)
at pagepkg.Ahampage.clear(Ahampage.java:28)
at pagepkg.Ahampage.clear(Ahampage.java:28)
at pagepkg.Ahampage.clear(Ahampage.java:28)
at pagepkg.Ahampage.clear(Ahampage.java:28)
at pagepkg.Ahampage.clear(Ahampage.java:28)
at pagepkg.Ahampage.clear(Ahampage.java:28)
at pagepkg.Ahampage.clear(Ahampage.java:28)
at pagepkg.Ahampage.clear(Ahampage.java:28)
at pagepkg.Ahampage.clear(Ahampage.java:28)
at pagepkg.Ahampage.clear(Ahampage.java:28)
at pagepkg.Ahampage.clear(Ahampage.java:28)
at pagepkg.Ahampage.clear(Ahampage.java:28)
at pagepkg.Ahampage.clear(Ahampage.java:28)
at pagepkg.Ahampage.clear(Ahampage.java:28)
at pagepkg.Ahampage.clear(Ahampage.java:28)
at pagepkg.Ahampage.clear(Ahampage.java:28)
at pagepkg.Ahampage.clear(Ahampage.java:28)
at pagepkg.Ahampage.clear(Ahampage.java:28)
at pagepkg.Ahampage.clear(Ahampage.java:28)
at pagepkg.Ahampage.clear(Ahampage.java:28)
at pagepkg.Ahampage.clear(Ahampage.java:28)
at pagepkg.Ahampage.clear(Ahampage.java:28)
at pagepkg.Ahampage.clear(Ahampage.java:28)
at pagepkg.Ahampage.clear(Ahampage.java:28)
at pagepkg.Ahampage.clear(Ahampage.java:28)
at pagepkg.Ahampage.clear(Ahampage.java:28)
at pagepkg.Ahampage.clear(Ahampage.java:28)
at pagepkg.Ahampage.clear(Ahampage.java:28)
at pagepkg.Ahampage.clear(Ahampage.java:28)
at pagepkg.Ahampage.clear(Ahampage.java:28)
at pagepkg.Ahampage.clear(Ahampage.java:28)
at pagepkg.Ahampage.clear(Ahampage.java:28)
at pagepkg.Ahampage.clear(Ahampage.java:28)
at pagepkg.Ahampage.clear(Ahampage.java:28)
at pagepkg.Ahampage.clear(Ahampage.java:28)
at pagepkg.Ahampage.clear(Ahampage.java:28)
at pagepkg.Ahampage.clear(Ahampage.java:28)
at pagepkg.Ahampage.clear(Ahampage.java:28)
at pagepkg.Ahampage.clear(Ahampage.java:28)
at pagepkg.Ahampage.clear(Ahampage.java:28)
at pagepkg.Ahampage.clear(Ahampage.java:28)
at pagepkg.Ahampage.clear(Ahampage.java:28)
at pagepkg.Ahampage.clear(Ahampage.java:28)
at pagepkg.Ahampage.clear(Ahampage.java:28)
at pagepkg.Ahampage.clear(Ahampage.java:28)
at pagepkg.Ahampage.clear(Ahampage.java:28)
at pagepkg.Ahampage.clear(Ahampage.java:28)
at pagepkg.Ahampage.clear(Ahampage.java:28)
at pagepkg.Ahampage.clear(Ahampage.java:28)
at pagepkg.Ahampage.clear(Ahampage.java:28)
at pagepkg.Ahampage.clear(Ahampage.java:28)
at pagepkg.Ahampage.clear(Ahampage.java:28)
at pagepkg.Ahampage.clear(Ahampage.java:28)
at pagepkg.Ahampage.clear(Ahampage.java:28)
at pagepkg.Ahampage.clear(Ahampage.java:28)
at pagepkg.Ahampage.clear(Ahampage.java:28)
at pagepkg.Ahampage.clear(Ahampage.java:28)
at pagepkg.Ahampage.clear(Ahampage.java:28)
at pagepkg.Ahampage.clear(Ahampage.java:28)
at pagepkg.Ahampage.clear(Ahampage.java:28)
at pagepkg.Ahampage.clear(Ahampage.java:28)
at pagepkg.Ahampage.clear(Ahampage.java:28)
at pagepkg.Ahampage.clear(Ahampage.java:28)
at pagepkg.Ahampage.clear(Ahampage.java:28)
at pagepkg.Ahampage.clear(Ahampage.java:28)
at pagepkg.Ahampage.clear(Ahampage.java:28)
at pagepkg.Ahampage.clear(Ahampage.java:28)
at pagepkg.Ahampage.clear(Ahampage.java:28)
at pagepkg.Ahampage.clear(Ahampage.java:28)
at pagepkg.Ahampage.clear(Ahampage.java:28)
at pagepkg.Ahampage.clear(Ahampage.java:28)
at pagepkg.Ahampage.clear(Ahampage.java:28)
at pagepkg.Ahampage.clear(Ahampage.java:28)
at pagepkg.Ahampage.clear(Ahampage.java:28)
at pagepkg.Ahampage.clear(Ahampage.java:28)
at pagepkg.Ahampage.clear(Ahampage.java:28)
at pagepkg.Ahampage.clear(Ahampage.java:28)
at pagepkg.Ahampage.clear(Ahampage.java:28)
at pagepkg.Ahampage.clear(Ahampage.java:28)
at pagepkg.Ahampage.clear(Ahampage.java:28)
at pagepkg.Ahampage.clear(Ahampage.java:28)
at pagepkg.Ahampage.clear(Ahampage.java:28)
at pagepkg.Ahampage.clear(Ahampage.java:28)
at pagepkg.Ahampage.clear(Ahampage.java:28)
at pagepkg.Ahampage.clear(Ahampage.java:28)
at pagepkg.Ahampage.clear(Ahampage.java:28)
at pagepkg.Ahampage.clear(Ahampage.java:28)
at pagepkg.Ahampage.clear(Ahampage.java:28)
at pagepkg.Ahampage.clear(Ahampage.java:28)
at pagepkg.Ahampage.clear(Ahampage.java:28)
at pagepkg.Ahampage.clear(Ahampage.java:28)
at pagepkg.Ahampage.clear(Ahampage.java:28)
at pagepkg.Ahampage.clear(Ahampage.java:28)
at pagepkg.Ahampage.clear(Ahampage.java:28)
at pagepkg.Ahampage.clear(Ahampage.java:28)
at pagepkg.Ahampage.clear(Ahampage.java:28)
at pagepkg.Ahampage.clear(Ahampage.java:28)
at pagepkg.Ahampage.clear(Ahampage.java:28)
at pagepkg.Ahampage.clear(Ahampage.java:28)
at pagepkg.Ahampage.clear(Ahampage.java:28)
at pagepkg.Ahampage.clear(Ahampage.java:28)
at pagepkg.Ahampage.clear(Ahampage.java:28)
at pagepkg.Ahampage.clear(Ahampage.java:28)
at pagepkg.Ahampage.clear(Ahampage.java:28)
at pagepkg.Ahampage.clear(Ahampage.java:28)
at pagepkg.Ahampage.clear(Ahampage.java:28)
at pagepkg.Ahampage.clear(Ahampage.java:28)
at pagepkg.Ahampage.clear(Ahampage.java:28)
at pagepkg.Ahampage.clear(Ahampage.java:28)
at pagepkg.Ahampage.clear(Ahampage.java:28)
at pagepkg.Ahampage.clear(Ahampage.java:28)
at pagepkg.Ahampage.clear(Ahampage.java:28)
at pagepkg.Ahampage.clear(Ahampage.java:28)
at pagepkg.Ahampage.clear(Ahampage.java:28)
at pagepkg.Ahampage.clear(Ahampage.java:28)
at pagepkg.Ahampage.clear(Ahampage.java:28)
at pagepkg.Ahampage.clear(Ahampage.java:28)
at pagepkg.Ahampage.clear(Ahampage.java:28)
at pagepkg.Ahampage.clear(Ahampage.java:28)
at pagepkg.Ahampage.clear(Ahampage.java:28)
at pagepkg.Ahampage.clear(Ahampage.java:28)
at pagepkg.Ahampage.clear(Ahampage.java:28)
at pagepkg.Ahampage.clear(Ahampage.java:28)
at pagepkg.Ahampage.clear(Ahampage.java:28)
at pagepkg.Ahampage.clear(Ahampage.java:28)
at pagepkg.Ahampage.clear(Ahampage.java:28)
at pagepkg.Ahampage.clear(Ahampage.java:28)
at pagepkg.Ahampage.clear(Ahampage.java:28)
at pagepkg.Ahampage.clear(Ahampage.java:28)
at pagepkg.Ahampage.clear(Ahampage.java:28)
at pagepkg.Ahampage.clear(Ahampage.java:28)
at pagepkg.Ahampage.clear(Ahampage.java:28)
at pagepkg.Ahampage.clear(Ahampage.java:28)
at pagepkg.Ahampage.clear(Ahampage.java:28)
at pagepkg.Ahampage.clear(Ahampage.java:28)
at pagepkg.Ahampage.clear(Ahampage.java:28)
at pagepkg.Ahampage.clear(Ahampage.java:28)
at pagepkg.Ahampage.clear(Ahampage.java:28)
at pagepkg.Ahampage.clear(Ahampage.java:28)
at pagepkg.Ahampage.clear(Ahampage.java:28)
at pagepkg.Ahampage.clear(Ahampage.java:28)
at pagepkg.Ahampage.clear(Ahampage.java:28)
at pagepkg.Ahampage.clear(Ahampage.java:28)
at pagepkg.Ahampage.clear(Ahampage.java:28)
at pagepkg.Ahampage.clear(Ahampage.java:28)
at pagepkg.Ahampage.clear(Ahampage.java:28)
at pagepkg.Ahampage.clear(Ahampage.java:28)
at pagepkg.Ahampage.clear(Ahampage.java:28)
at pagepkg.Ahampage.clear(Ahampage.java:28)
at pagepkg.Ahampage.clear(Ahampage.java:28)
at pagepkg.Ahampage.clear(Ahampage.java:28)
at pagepkg.Ahampage.clear(Ahampage.java:28)
at pagepkg.Ahampage.clear(Ahampage.java:28)
at pagepkg.Ahampage.clear(Ahampage.java:28)
at pagepkg.Ahampage.clear(Ahampage.java:28)
at pagepkg.Ahampage.clear(Ahampage.java:28)
at pagepkg.Ahampage.clear(Ahampage.java:28)
at pagepkg.Ahampage.clear(Ahampage.java:28)
at pagepkg.Ahampage.clear(Ahampage.java:28)
at pagepkg.Ahampage.clear(Ahampage.java:28)
at pagepkg.Ahampage.clear(Ahampage.java:28)
at pagepkg.Ahampage.clear(Ahampage.java:28)
at pagepkg.Ahampage.clear(Ahampage.java:28)
at pagepkg.Ahampage.clear(Ahampage.java:28)
at pagepkg.Ahampage.clear(Ahampage.java:28)
at pagepkg.Ahampage.clear(Ahampage.java:28)
at pagepkg.Ahampage.clear(Ahampage.java:28)
at pagepkg.Ahampage.clear(Ahampage.java:28)
at pagepkg.Ahampage.clear(Ahampage.java:28)
at pagepkg.Ahampage.clear(Ahampage.java:28)
at pagepkg.Ahampage.clear(Ahampage.java:28)
at pagepkg.Ahampage.clear(Ahampage.java:28)
at pagepkg.Ahampage.clear(Ahampage.java:28)
at pagepkg.Ahampage.clear(Ahampage.java:28)
at pagepkg.Ahampage.clear(Ahampage.java:28)
at pagepkg.Ahampage.clear(Ahampage.java:28)
at pagepkg.Ahampage.clear(Ahampage.java:28)
at pagepkg.Ahampage.clear(Ahampage.java:28)
at pagepkg.Ahampage.clear(Ahampage.java:28)
at pagepkg.Ahampage.clear(Ahampage.java:28)
at pagepkg.Ahampage.clear(Ahampage.java:28)
at pagepkg.Ahampage.clear(Ahampage.java:28)
at pagepkg.Ahampage.clear(Ahampage.java:28)
at pagepkg.Ahampage.clear(Ahampage.java:28)
at pagepkg.Ahampage.clear(Ahampage.java:28)
at pagepkg.Ahampage.clear(Ahampage.java:28)
at pagepkg.Ahampage.clear(Ahampage.java:28)
at pagepkg.Ahampage.clear(Ahampage.java:28)
at pagepkg.Ahampage.clear(Ahampage.java:28)
at pagepkg.Ahampage.clear(Ahampage.java:28)
at pagepkg.Ahampage.clear(Ahampage.java:28)
at pagepkg.Ahampage.clear(Ahampage.java:28)
at pagepkg.Ahampage.clear(Ahampage.java:28)
at pagepkg.Ahampage.clear(Ahampage.java:28)
at pagepkg.Ahampage.clear(Ahampage.java:28)
at pagepkg.Ahampage.clear(Ahampage.java:28)
at pagepkg.Ahampage.clear(Ahampage.java:28)
at pagepkg.Ahampage.clear(Ahampage.java:28)
at pagepkg.Ahampage.clear(Ahampage.java:28)
at pagepkg.Ahampage.clear(Ahampage.java:28)
at pagepkg.Ahampage.clear(Ahampage.java:28)
at pagepkg.Ahampage.clear(Ahampage.java:28)
at pagepkg.Ahampage.clear(Ahampage.java:28)
at pagepkg.Ahampage.clear(Ahampage.java:28)
at pagepkg.Ahampage.clear(Ahampage.java:28)
at pagepkg.Ahampage.clear(Ahampage.java:28)
at pagepkg.Ahampage.clear(Ahampage.java:28)
at pagepkg.Ahampage.clear(Ahampage.java:28)
at pagepkg.Ahampage.clear(Ahampage.java:28)
at pagepkg.Ahampage.clear(Ahampage.java:28)
at pagepkg.Ahampage.clear(Ahampage.java:28)
at pagepkg.Ahampage.clear(Ahampage.java:28)
at pagepkg.Ahampage.clear(Ahampage.java:28)
at pagepkg.Ahampage.clear(Ahampage.java:28)
at pagepkg.Ahampage.clear(Ahampage.java:28)
at pagepkg.Ahampage.clear(Ahampage.java:28)
at pagepkg.Ahampage.clear(Ahampage.java:28)
at pagepkg.Ahampage.clear(Ahampage.java:28)
at pagepkg.Ahampage.clear(Ahampage.java:28)
at pagepkg.Ahampage.clear(Ahampage.java:28)
at pagepkg.Ahampage.clear(Ahampage.java:28)
at pagepkg.Ahampage.clear(Ahampage.java:28)
at pagepkg.Ahampage.clear(Ahampage.java:28)
at pagepkg.Ahampage.clear(Ahampage.java:28)
at pagepkg.Ahampage.clear(Ahampage.java:28)
at pagepkg.Ahampage.clear(Ahampage.java:28)
at pagepkg.Ahampage.clear(Ahampage.java:28)
at pagepkg.Ahampage.clear(Ahampage.java:28)
at pagepkg.Ahampage.clear(Ahampage.java:28)
at pagepkg.Ahampage.clear(Ahampage.java:28)
at pagepkg.Ahampage.clear(Ahampage.java:28)
at pagepkg.Ahampage.clear(Ahampage.java:28)
at pagepkg.Ahampage.clear(Ahampage.java:28)
at pagepkg.Ahampage.clear(Ahampage.java:28)
at pagepkg.Ahampage.clear(Ahampage.java:28)
at pagepkg.Ahampage.clear(Ahampage.java:28)
at pagepkg.Ahampage.clear(Ahampage.java:28)
at pagepkg.Ahampage.clear(Ahampage.java:28)
at pagepkg.Ahampage.clear(Ahampage.java:28)
at pagepkg.Ahampage.clear(Ahampage.java:28)
at pagepkg.Ahampage.clear(Ahampage.java:28)
at pagepkg.Ahampage.clear(Ahampage.java:28)
at pagepkg.Ahampage.clear(Ahampage.java:28)
at pagepkg.Ahampage.clear(Ahampage.java:28)
at pagepkg.Ahampage.clear(Ahampage.java:28)
at pagepkg.Ahampage.clear(Ahampage.java:28)
at pagepkg.Ahampage.clear(Ahampage.java:28)
at pagepkg.Ahampage.clear(Ahampage.java:28)
at pagepkg.Ahampage.clear(Ahampage.java:28)
at pagepkg.Ahampage.clear(Ahampage.java:28)
at pagepkg.Ahampage.clear(Ahampage.java:28)
at pagepkg.Ahampage.clear(Ahampage.java:28)
at pagepkg.Ahampage.clear(Ahampage.java:28)
at pagepkg.Ahampage.clear(Ahampage.java:28)
at pagepkg.Ahampage.clear(Ahampage.java:28)
at pagepkg.Ahampage.clear(Ahampage.java:28)
at pagepkg.Ahampage.clear(Ahampage.java:28)
at pagepkg.Ahampage.clear(Ahampage.java:28)
at pagepkg.Ahampage.clear(Ahampage.java:28)
at pagepkg.Ahampage.clear(Ahampage.java:28)
at pagepkg.Ahampage.clear(Ahampage.java:28)
at pagepkg.Ahampage.clear(Ahampage.java:28)
at pagepkg.Ahampage.clear(Ahampage.java:28)
at pagepkg.Ahampage.clear(Ahampage.java:28)
at pagepkg.Ahampage.clear(Ahampage.java:28)
at pagepkg.Ahampage.clear(Ahampage.java:28)
at pagepkg.Ahampage.clear(Ahampage.java:28)
at pagepkg.Ahampage.clear(Ahampage.java:28)
at pagepkg.Ahampage.clear(Ahampage.java:28)
at pagepkg.Ahampage.clear(Ahampage.java:28)
at pagepkg.Ahampage.clear(Ahampage.java:28)
at pagepkg.Ahampage.clear(Ahampage.java:28)
at pagepkg.Ahampage.clear(Ahampage.java:28)
at pagepkg.Ahampage.clear(Ahampage.java:28)
at pagepkg.Ahampage.clear(Ahampage.java:28)
at pagepkg.Ahampage.clear(Ahampage.java:28)
at pagepkg.Ahampage.clear(Ahampage.java:28)
at pagepkg.Ahampage.clear(Ahampage.java:28)
at pagepkg.Ahampage.clear(Ahampage.java:28)
at pagepkg.Ahampage.clear(Ahampage.java:28)
at pagepkg.Ahampage.clear(Ahampage.java:28)
at pagepkg.Ahampage.clear(Ahampage.java:28)
at pagepkg.Ahampage.clear(Ahampage.java:28)
at pagepkg.Ahampage.clear(Ahampage.java:28)
at pagepkg.Ahampage.clear(Ahampage.java:28)
at pagepkg.Ahampage.clear(Ahampage.java:28)
at pagepkg.Ahampage.clear(Ahampage.java:28)
at pagepkg.Ahampage.clear(Ahampage.java:28)
at pagepkg.Ahampage.clear(Ahampage.java:28)
at pagepkg.Ahampage.clear(Ahampage.java:28)
at pagepkg.Ahampage.clear(Ahampage.java:28)
at pagepkg.Ahampage.clear(Ahampage.java:28)
at pagepkg.Ahampage.clear(Ahampage.java:28)
at pagepkg.Ahampage.clear(Ahampage.java:28)
at pagepkg.Ahampage.clear(Ahampage.java:28)
at pagepkg.Ahampage.clear(Ahampage.java:28)
at pagepkg.Ahampage.clear(Ahampage.java:28)
at pagepkg.Ahampage.clear(Ahampage.java:28)
at pagepkg.Ahampage.clear(Ahampage.java:28)
at pagepkg.Ahampage.clear(Ahampage.java:28)
at pagepkg.Ahampage.clear(Ahampage.java:28)
at pagepkg.Ahampage.clear(Ahampage.java:28)
at pagepkg.Ahampage.clear(Ahampage.java:28)
at pagepkg.Ahampage.clear(Ahampage.java:28)
at pagepkg.Ahampage.clear(Ahampage.java:28)
at pagepkg.Ahampage.clear(Ahampage.java:28)
at pagepkg.Ahampage.clear(Ahampage.java:28)
at pagepkg.Ahampage.clear(Ahampage.java:28)
at pagepkg.Ahampage.clear(Ahampage.java:28)
at pagepkg.Ahampage.clear(Ahampage.java:28)
at pagepkg.Ahampage.clear(Ahampage.java:28)
at pagepkg.Ahampage.clear(Ahampage.java:28)
at pagepkg.Ahampage.clear(Ahampage.java:28)
at pagepkg.Ahampage.clear(Ahampage.java:28)
at pagepkg.Ahampage.clear(Ahampage.java:28)
at pagepkg.Ahampage.clear(Ahampage.java:28)
at pagepkg.Ahampage.clear(Ahampage.java:28)
at pagepkg.Ahampage.clear(Ahampage.java:28)
at pagepkg.Ahampage.clear(Ahampage.java:28)
at pagepkg.Ahampage.clear(Ahampage.java:28)
at pagepkg.Ahampage.clear(Ahampage.java:28)
at pagepkg.Ahampage.clear(Ahampage.java:28)
at pagepkg.Ahampage.clear(Ahampage.java:28)
at pagepkg.Ahampage.clear(Ahampage.java:28)
at pagepkg.Ahampage.clear(Ahampage.java:28)
at pagepkg.Ahampage.clear(Ahampage.java:28)
at pagepkg.Ahampage.clear(Ahampage.java:28)
at pagepkg.Ahampage.clear(Ahampage.java:28)
at pagepkg.Ahampage.clear(Ahampage.java:28)
at pagepkg.Ahampage.clear(Ahampage.java:28)
at pagepkg.Ahampage.clear(Ahampage.java:28)
at pagepkg.Ahampage.clear(Ahampage.java:28)
at pagepkg.Ahampage.clear(Ahampage.java:28)
at pagepkg.Ahampage.clear(Ahampage.java:28)
at pagepkg.Ahampage.clear(Ahampage.java:28)
at pagepkg.Ahampage.clear(Ahampage.java:28)
at pagepkg.Ahampage.clear(Ahampage.java:28)
at pagepkg.Ahampage.clear(Ahampage.java:28)
at pagepkg.Ahampage.clear(Ahampage.java:28)
at pagepkg.Ahampage.clear(Ahampage.java:28)
at pagepkg.Ahampage.clear(Ahampage.java:28)
at pagepkg.Ahampage.clear(Ahampage.java:28)
at pagepkg.Ahampage.clear(Ahampage.java:28)
at pagepkg.Ahampage.clear(Ahampage.java:28)
at pagepkg.Ahampage.clear(Ahampage.java:28)
at pagepkg.Ahampage.clear(Ahampage.java:28)
at pagepkg.Ahampage.clear(Ahampage.java:28)
at pagepkg.Ahampage.clear(Ahampage.java:28)
at pagepkg.Ahampage.clear(Ahampage.java:28)
at pagepkg.Ahampage.clear(Ahampage.java:28)
at pagepkg.Ahampage.clear(Ahampage.java:28)
at pagepkg.Ahampage.clear(Ahampage.java:28)
at pagepkg.Ahampage.clear(Ahampage.java:28)
at pagepkg.Ahampage.clear(Ahampage.java:28)
at pagepkg.Ahampage.clear(Ahampage.java:28)
at pagepkg.Ahampage.clear(Ahampage.java:28)
at pagepkg.Ahampage.clear(Ahampage.java:28)
at pagepkg.Ahampage.clear(Ahampage.java:28)
at pagepkg.Ahampage.clear(Ahampage.java:28)
at pagepkg.Ahampage.clear(Ahampage.java:28)
at pagepkg.Ahampage.clear(Ahampage.java:28)
at pagepkg.Ahampage.clear(Ahampage.java:28)
at pagepkg.Ahampage.clear(Ahampage.java:28)
at pagepkg.Ahampage.clear(Ahampage.java:28)
at pagepkg.Ahampage.clear(Ahampage.java:28)
at pagepkg.Ahampage.clear(Ahampage.java:28)
at pagepkg.Ahampage.clear(Ahampage.java:28)
at pagepkg.Ahampage.clear(Ahampage.java:28)
at pagepkg.Ahampage.clear(Ahampage.java:28)
at pagepkg.Ahampage.clear(Ahampage.java:28)
at pagepkg.Ahampage.clear(Ahampage.java:28)
at pagepkg.Ahampage.clear(Ahampage.java:28)
at pagepkg.Ahampage.clear(Ahampage.java:28)
at pagepkg.Ahampage.clear(Ahampage.java:28)
at pagepkg.Ahampage.clear(Ahampage.java:28)
at pagepkg.Ahampage.clear(Ahampage.java:28)
at pagepkg.Ahampage.clear(Ahampage.java:28)
at pagepkg.Ahampage.clear(Ahampage.java:28)
at pagepkg.Ahampage.clear(Ahampage.java:28)
at pagepkg.Ahampage.clear(Ahampage.java:28)
at pagepkg.Ahampage.clear(Ahampage.java:28)
at pagepkg.Ahampage.clear(Ahampage.java:28)
at pagepkg.Ahampage.clear(Ahampage.java:28)
at pagepkg.Ahampage.clear(Ahampage.java:28)
at pagepkg.Ahampage.clear(Ahampage.java:28)
at pagepkg.Ahampage.clear(Ahampage.java:28)
at pagepkg.Ahampage.clear(Ahampage.java:28)
at pagepkg.Ahampage.clear(Ahampage.java:28)
at pagepkg.Ahampage.clear(Ahampage.java:28)
at pagepkg.Ahampage.clear(Ahampage.java:28)
at pagepkg.Ahampage.clear(Ahampage.java:28)
at pagepkg.Ahampage.clear(Ahampage.java:28)
at pagepkg.Ahampage.clear(Ahampage.java:28)
at pagepkg.Ahampage.clear(Ahampage.java:28)
at pagepkg.Ahampage.clear(Ahampage.java:28)
at pagepkg.Ahampage.clear(Ahampage.java:28)
at pagepkg.Ahampage.clear(Ahampage.java:28)
at pagepkg.Ahampage.clear(Ahampage.java:28)
at pagepkg.Ahampage.clear(Ahampage.java:28)
at pagepkg.Ahampage.clear(Ahampage.java:28)
at pagepkg.Ahampage.clear(Ahampage.java:28)
at pagepkg.Ahampage.clear(Ahampage.java:28)
at pagepkg.Ahampage.clear(Ahampage.java:28)
at pagepkg.Ahampage.clear(Ahampage.java:28)
at pagepkg.Ahampage.clear(Ahampage.java:28)
at pagepkg.Ahampage.clear(Ahampage.java:28)
at pagepkg.Ahampage.clear(Ahampage.java:28)
at pagepkg.Ahampage.clear(Ahampage.java:28)
at pagepkg.Ahampage.clear(Ahampage.java:28)
at pagepkg.Ahampage.clear(Ahampage.java:28)
at pagepkg.Ahampage.clear(Ahampage.java:28)
at pagepkg.Ahampage.clear(Ahampage.java:28)
at pagepkg.Ahampage.clear(Ahampage.java:28)
at pagepkg.Ahampage.clear(Ahampage.java:28)
at pagepkg.Ahampage.clear(Ahampage.java:28)
at pagepkg.Ahampage.clear(Ahampage.java:28)
at pagepkg.Ahampage.clear(Ahampage.java:28)
at pagepkg.Ahampage.clear(Ahampage.java:28)
at pagepkg.Ahampage.clear(Ahampage.java:28)
at pagepkg.Ahampage.clear(Ahampage.java:28)
at pagepkg.Ahampage.clear(Ahampage.java:28)
at pagepkg.Ahampage.clear(Ahampage.java:28)
at pagepkg.Ahampage.clear(Ahampage.java:28)
at pagepkg.Ahampage.clear(Ahampage.java:28)
at pagepkg.Ahampage.clear(Ahampage.java:28)
at pagepkg.Ahampage.clear(Ahampage.java:28)
at pagepkg.Ahampage.clear(Ahampage.java:28)
at pagepkg.Ahampage.clear(Ahampage.java:28)
at pagepkg.Ahampage.clear(Ahampage.java:28)
at pagepkg.Ahampage.clear(Ahampage.java:28)
at pagepkg.Ahampage.clear(Ahampage.java:28)
at pagepkg.Ahampage.clear(Ahampage.java:28)
at pagepkg.Ahampage.clear(Ahampage.java:28)
at pagepkg.Ahampage.clear(Ahampage.java:28)
at pagepkg.Ahampage.clear(Ahampage.java:28)
at pagepkg.Ahampage.clear(Ahampage.java:28)
at pagepkg.Ahampage.clear(Ahampage.java:28)
at pagepkg.Ahampage.clear(Ahampage.java:28)
at pagepkg.Ahampage.clear(Ahampage.java:28)
at pagepkg.Ahampage.clear(Ahampage.java:28)
at pagepkg.Ahampage.clear(Ahampage.java:28)
at pagepkg.Ahampage.clear(Ahampage.java:28)
at pagepkg.Ahampage.clear(Ahampage.java:28)
at pagepkg.Ahampage.clear(Ahampage.java:28)
at pagepkg.Ahampage.clear(Ahampage.java:28)
at pagepkg.Ahampage.clear(Ahampage.java:28)
at pagepkg.Ahampage.clear(Ahampage.java:28)
at pagepkg.Ahampage.clear(Ahampage.java:28)
at pagepkg.Ahampage.clear(Ahampage.java:28)
at pagepkg.Ahampage.clear(Ahampage.java:28)
at pagepkg.Ahampage.clear(Ahampage.java:28)
at pagepkg.Ahampage.clear(Ahampage.java:28)
at pagepkg.Ahampage.clear(Ahampage.java:28)
at pagepkg.Ahampage.clear(Ahampage.java:28)
at pagepkg.Ahampage.clear(Ahampage.java:28)
at pagepkg.Ahampage.clear(Ahampage.java:28)
at pagepkg.Ahampage.clear(Ahampage.java:28)
at pagepkg.Ahampage.clear(Ahampage.java:28)
at pagepkg.Ahampage.clear(Ahampage.java:28)
at pagepkg.Ahampage.clear(Ahampage.java:28)
at pagepkg.Ahampage.clear(Ahampage.java:28)
at pagepkg.Ahampage.clear(Ahampage.java:28)
at pagepkg.Ahampage.clear(Ahampage.java:28)
at pagepkg.Ahampage.clear(Ahampage.java:28)
at pagepkg.Ahampage.clear(Ahampage.java:28)
at pagepkg.Ahampage.clear(Ahampage.java:28)
at pagepkg.Ahampage.clear(Ahampage.java:28)
at pagepkg.Ahampage.clear(Ahampage.java:28)
at pagepkg.Ahampage.clear(Ahampage.java:28)
at pagepkg.Ahampage.clear(Ahampage.java:28)
at pagepkg.Ahampage.clear(Ahampage.java:28)
at pagepkg.Ahampage.clear(Ahampage.java:28)
at pagepkg.Ahampage.clear(Ahampage.java:28)
at pagepkg.Ahampage.clear(Ahampage.java:28)
at pagepkg.Ahampage.clear(Ahampage.java:28)
at pagepkg.Ahampage.clear(Ahampage.java:28)
at pagepkg.Ahampage.clear(Ahampage.java:28)
at pagepkg.Ahampage.clear(Ahampage.java:28)
at pagepkg.Ahampage.clear(Ahampage.java:28)
at pagepkg.Ahampage.clear(Ahampage.java:28)
at pagepkg.Ahampage.clear(Ahampage.java:28)
at pagepkg.Ahampage.clear(Ahampage.java:28)
at pagepkg.Ahampage.clear(Ahampage.java:28)
at pagepkg.Ahampage.clear(Ahampage.java:28)
at pagepkg.Ahampage.clear(Ahampage.java:28)
at pagepkg.Ahampage.clear(Ahampage.java:28)
at pagepkg.Ahampage.clear(Ahampage.java:28)
at pagepkg.Ahampage.clear(Ahampage.java:28)
at pagepkg.Ahampage.clear(Ahampage.java:28)
at pagepkg.Ahampage.clear(Ahampage.java:28)
at pagepkg.Ahampage.clear(Ahampage.java:28)
at pagepkg.Ahampage.clear(Ahampage.java:28)
at pagepkg.Ahampage.clear(Ahampage.java:28)
at pagepkg.Ahampage.clear(Ahampage.java:28)
at pagepkg.Ahampage.clear(Ahampage.java:28)
at pagepkg.Ahampage.clear(Ahampage.java:28)
at pagepkg.Ahampage.clear(Ahampage.java:28)
at pagepkg.Ahampage.clear(Ahampage.java:28)
at pagepkg.Ahampage.clear(Ahampage.java:28)
at pagepkg.Ahampage.clear(Ahampage.java:28)
at pagepkg.Ahampage.clear(Ahampage.java:28)
at pagepkg.Ahampage.clear(Ahampage.java:28)
at pagepkg.Ahampage.clear(Ahampage.java:28)
at pagepkg.Ahampage.clear(Ahampage.java:28)
at pagepkg.Ahampage.clear(Ahampage.java:28)
at pagepkg.Ahampage.clear(Ahampage.java:28)
at pagepkg.Ahampage.clear(Ahampage.java:28)
at pagepkg.Ahampage.clear(Ahampage.java:28)
at pagepkg.Ahampage.clear(Ahampage.java:28)
at pagepkg.Ahampage.clear(Ahampage.java:28)
at pagepkg.Ahampage.clear(Ahampage.java:28)
at pagepkg.Ahampage.clear(Ahampage.java:28)
at pagepkg.Ahampage.clear(Ahampage.java:28)
at pagepkg.Ahampage.clear(Ahampage.java:28)
at pagepkg.Ahampage.clear(Ahampage.java:28)
at pagepkg.Ahampage.clear(Ahampage.java:28)
at pagepkg.Ahampage.clear(Ahampage.java:28)
at pagepkg.Ahampage.clear(Ahampage.java:28)
at pagepkg.Ahampage.clear(Ahampage.java:28)
at pagepkg.Ahampage.clear(Ahampage.java:28)
at pagepkg.Ahampage.clear(Ahampage.java:28)
at pagepkg.Ahampage.clear(Ahampage.java:28)
at pagepkg.Ahampage.clear(Ahampage.java:28)
at pagepkg.Ahampage.clear(Ahampage.java:28)
at pagepkg.Ahampage.clear(Ahampage.java:28)
at pagepkg.Ahampage.clear(Ahampage.java:28)
at pagepkg.Ahampage.clear(Ahampage.java:28)
at pagepkg.Ahampage.clear(Ahampage.java:28)
at pagepkg.Ahampage.clear(Ahampage.java:28)
at pagepkg.Ahampage.clear(Ahampage.java:28)
at pagepkg.Ahampage.clear(Ahampage.java:28)
at pagepkg.Ahampage.clear(Ahampage.java:28)
at pagepkg.Ahampage.clear(Ahampage.java:28)
at pagepkg.Ahampage.clear(Ahampage.java:28)
at pagepkg.Ahampage.clear(Ahampage.java:28)
at pagepkg.Ahampage.clear(Ahampage.java:28)
at pagepkg.Ahampage.clear(Ahampage.java:28)
at pagepkg.Ahampage.clear(Ahampage.java:28)
at pagepkg.Ahampage.clear(Ahampage.java:28)
at pagepkg.Ahampage.clear(Ahampage.java:28)
at pagepkg.Ahampage.clear(Ahampage.java:28)
at pagepkg.Ahampage.clear(Ahampage.java:28)
at pagepkg.Ahampage.clear(Ahampage.java:28)
at pagepkg.Ahampage.clear(Ahampage.java:28)
at pagepkg.Ahampage.clear(Ahampage.java:28)
at pagepkg.Ahampage.clear(Ahampage.java:28)
at pagepkg.Ahampage.clear(Ahampage.java:28)
at pagepkg.Ahampage.clear(Ahampage.java:28)
at pagepkg.Ahampage.clear(Ahampage.java:28)
at pagepkg.Ahampage.clear(Ahampage.java:28)
at pagepkg.Ahampage.clear(Ahampage.java:28)
at pagepkg.Ahampage.clear(Ahampage.java:28)
at pagepkg.Ahampage.clear(Ahampage.java:28)
at pagepkg.Ahampage.clear(Ahampage.java:28)
at pagepkg.Ahampage.clear(Ahampage.java:28)
at pagepkg.Ahampage.clear(Ahampage.java:28)
at pagepkg.Ahampage.clear(Ahampage.java:28)
at pagepkg.Ahampage.clear(Ahampage.java:28)
at pagepkg.Ahampage.clear(Ahampage.java:28)
at pagepkg.Ahampage.clear(Ahampage.java:28)
at pagepkg.Ahampage.clear(Ahampage.java:28)
at pagepkg.Ahampage.clear(Ahampage.java:28)
at pagepkg.Ahampage.clear(Ahampage.java:28)
at pagepkg.Ahampage.clear(Ahampage.java:28)
at pagepkg.Ahampage.clear(Ahampage.java:28)
at pagepkg.Ahampage.clear(Ahampage.java:28)
at pagepkg.Ahampage.clear(Ahampage.java:28)
at pagepkg.Ahampage.clear(Ahampage.java:28)
at pagepkg.Ahampage.clear(Ahampage.java:28)
at pagepkg.Ahampage.clear(Ahampage.java:28)
at pagepkg.Ahampage.clear(Ahampage.java:28)
at pagepkg.Ahampage.clear(Ahampage.java:28)
at pagepkg.Ahampage.clear(Ahampage.java:28)
at pagepkg.Ahampage.clear(Ahampage.java:28)
at pagepkg.Ahampage.clear(Ahampage.java:28)
at pagepkg.Ahampage.clear(Ahampage.java:28)
at pagepkg.Ahampage.clear(Ahampage.java:28)
at pagepkg.Ahampage.clear(Ahampage.java:28)
at pagepkg.Ahampage.clear(Ahampage.java:28)
at pagepkg.Ahampage.clear(Ahampage.java:28)
at pagepkg.Ahampage.clear(Ahampage.java:28)
at pagepkg.Ahampage.clear(Ahampage.java:28)
at pagepkg.Ahampage.clear(Ahampage.java:28)
at pagepkg.Ahampage.clear(Ahampage.java:28)
at pagepkg.Ahampage.clear(Ahampage.java:28)
at pagepkg.Ahampage.clear(Ahampage.java:28)
at pagepkg.Ahampage.clear(Ahampage.java:28)
at pagepkg.Ahampage.clear(Ahampage.java:28)
at pagepkg.Ahampage.clear(Ahampage.java:28)
at pagepkg.Ahampage.clear(Ahampage.java:28)
at pagepkg.Ahampage.clear(Ahampage.java:28)
at pagepkg.Ahampage.clear(Ahampage.java:28)
at pagepkg.Ahampage.clear(Ahampage.java:28)
at pagepkg.Ahampage.clear(Ahampage.java:28)
at pagepkg.Ahampage.clear(Ahampage.java:28)
at pagepkg.Ahampage.clear(Ahampage.java:28)
at pagepkg.Ahampage.clear(Ahampage.java:28)
at pagepkg.Ahampage.clear(Ahampage.java:28)
at pagepkg.Ahampage.clear(Ahampage.java:28)
at pagepkg.Ahampage.clear(Ahampage.java:28)
at pagepkg.Ahampage.clear(Ahampage.java:28)
at pagepkg.Ahampage.clear(Ahampage.java:28)
at pagepkg.Ahampage.clear(Ahampage.java:28)
at pagepkg.Ahampage.clear(Ahampage.java:28)
at pagepkg.Ahampage.clear(Ahampage.java:28)
at pagepkg.Ahampage.clear(Ahampage.java:28)
at pagepkg.Ahampage.clear(Ahampage.java:28)
at pagepkg.Ahampage.clear(Ahampage.java:28)
at pagepkg.Ahampage.clear(Ahampage.java:28)
at pagepkg.Ahampage.clear(Ahampage.java:28)
at pagepkg.Ahampage.clear(Ahampage.java:28)
at pagepkg.Ahampage.clear(Ahampage.java:28)
at pagepkg.Ahampage.clear(Ahampage.java:28)
at pagepkg.Ahampage.clear(Ahampage.java:28)
at pagepkg.Ahampage.clear(Ahampage.java:28)
at pagepkg.Ahampage.clear(Ahampage.java:28)
at pagepkg.Ahampage.clear(Ahampage.java:28)
at pagepkg.Ahampage.clear(Ahampage.java:28)
at pagepkg.Ahampage.clear(Ahampage.java:28)
at pagepkg.Ahampage.clear(Ahampage.java:28)
at pagepkg.Ahampage.clear(Ahampage.java:28)
at pagepkg.Ahampage.clear(Ahampage.java:28)
at pagepkg.Ahampage.clear(Ahampage.java:28)
at pagepkg.Ahampage.clear(Ahampage.java:28)
at pagepkg.Ahampage.clear(Ahampage.java:28)
at pagepkg.Ahampage.clear(Ahampage.java:28)
at pagepkg.Ahampage.clear(Ahampage.java:28)
at pagepkg.Ahampage.clear(Ahampage.java:28)
at pagepkg.Ahampage.clear(Ahampage.java:28)
at pagepkg.Ahampage.clear(Ahampage.java:28)
at pagepkg.Ahampage.clear(Ahampage.java:28)
at pagepkg.Ahampage.clear(Ahampage.java:28)
at pagepkg.Ahampage.clear(Ahampage.java:28)
at pagepkg.Ahampage.clear(Ahampage.java:28)
at pagepkg.Ahampage.clear(Ahampage.java:28)
at pagepkg.Ahampage.clear(Ahampage.java:28)
at pagepkg.Ahampage.clear(Ahampage.java:28)
at pagepkg.Ahampage.clear(Ahampage.java:28)
at pagepkg.Ahampage.clear(Ahampage.java:28)
at pagepkg.Ahampage.clear(Ahampage.java:28)
at pagepkg.Ahampage.clear(Ahampage.java:28)
at pagepkg.Ahampage.clear(Ahampage.java:28)
at pagepkg.Ahampage.clear(Ahampage.java:28)
at pagepkg.Ahampage.clear(Ahampage.java:28)
at pagepkg.Ahampage.clear(Ahampage.java:28)
at pagepkg.Ahampage.clear(Ahampage.java:28)
at pagepkg.Ahampage.clear(Ahampage.java:28)
at pagepkg.Ahampage.clear(Ahampage.java:28)
at pagepkg.Ahampage.clear(Ahampage.java:28)
]]>
    </failure>
  </testcase> <!-- login -->
</testsuite> <!-- Default test -->
