<?xml version="1.0" encoding="UTF-8"?>
<testng-results ignored="0" total="2" passed="1" failed="1" skipped="0">
  <reporter-output>
  </reporter-output>
  <suite started-at="2024-05-09T11:43:37 IST" name="Default suite" finished-at="2024-05-09T11:43:49 IST" duration-ms="12330">
    <groups>
    </groups>
    <test started-at="2024-05-09T11:43:37 IST" name="Default test" finished-at="2024-05-09T11:43:49 IST" duration-ms="12330">
      <class name="testpkg.Ahamtest">
        <test-method is-config="true" signature="setup()[pri:0, instance:testpkg.Ahamtest@5ab956d7]" started-at="2024-05-09T11:43:37 IST" name="setup" finished-at="2024-05-09T11:43:44 IST" duration-ms="7194" status="PASS">
          <reporter-output>
          </reporter-output>
        </test-method> <!-- setup -->
        <test-method signature="icon()[pri:1, instance:testpkg.Ahamtest@5ab956d7]" started-at="2024-05-09T11:43:44 IST" name="icon" finished-at="2024-05-09T11:43:48 IST" duration-ms="3873" status="PASS">
          <reporter-output>
          </reporter-output>
        </test-method> <!-- icon -->
        <test-method signature="login()[pri:2, instance:testpkg.Ahamtest@5ab956d7]" started-at="2024-05-09T11:43:48 IST" name="login" finished-at="2024-05-09T11:43:49 IST" duration-ms="1181" status="FAIL">
          <exception class="java.lang.StackOverflowError">
            <full-stacktrace>
              <![CDATA[java.lang.StackOverflowError
at pagepkg.Ahampage.clear(Ahampage.java:28)
at pagepkg.Ahampage.clear(Ahampage.java:28)
at pagepkg.Ahampage.clear(Ahampage.java:28)
at pagepkg.Ahampage.clear(Ahampage.java:28)
at pagepkg.Ahampage.clear(Ahampage.java:28)
at pagepkg.Ahampage.clear(Ahampage.java:28)
at pagepkg.Ahampage.clear(Ahampage.java:28)
at pagepkg.Ahampage.clear(Ahampage.java:28)
at pagepkg.Ahampage.clear(Ahampage.java:28)
at pagepkg.Ahampage.clear(Ahampage.java:28)
at pagepkg.Ahampage.clear(Ahampage.java:28)
at pagepkg.Ahampage.clear(Ahampage.java:28)
at pagepkg.Ahampage.clear(Ahampage.java:28)
at pagepkg.Ahampage.clear(Ahampage.java:28)
at pagepkg.Ahampage.clear(Ahampage.java:28)
at pagepkg.Ahampage.clear(Ahampage.java:28)
at pagepkg.Ahampage.clear(Ahampage.java:28)
at pagepkg.Ahampage.clear(Ahampage.java:28)
at pagepkg.Ahampage.clear(Ahampage.java:28)
at pagepkg.Ahampage.clear(Ahampage.java:28)
at pagepkg.Ahampage.clear(Ahampage.java:28)
at pagepkg.Ahampage.clear(Ahampage.java:28)
at pagepkg.Ahampage.clear(Ahampage.java:28)
at pagepkg.Ahampage.clear(Ahampage.java:28)
at pagepkg.Ahampage.clear(Ahampage.java:28)
at pagepkg.Ahampage.clear(Ahampage.java:28)
at pagepkg.Ahampage.clear(Ahampage.java:28)
at pagepkg.Ahampage.clear(Ahampage.java:28)
at pagepkg.Ahampage.clear(Ahampage.java:28)
at pagepkg.Ahampage.clear(Ahampage.java:28)
at pagepkg.Ahampage.clear(Ahampage.java:28)
at pagepkg.Ahampage.clear(Ahampage.java:28)
at pagepkg.Ahampage.clear(Ahampage.java:28)
at pagepkg.Ahampage.clear(Ahampage.java:28)
at pagepkg.Ahampage.clear(Ahampage.java:28)
at pagepkg.Ahampage.clear(Ahampage.java:28)
at pagepkg.Ahampage.clear(Ahampage.java:28)
at pagepkg.Ahampage.clear(Ahampage.java:28)
at pagepkg.Ahampage.clear(Ahampage.java:28)
at pagepkg.Ahampage.clear(Ahampage.java:28)
at pagepkg.Ahampage.clear(Ahampage.java:28)
at pagepkg.Ahampage.clear(Ahampage.java:28)
at pagepkg.Ahampage.clear(Ahampage.java:28)
at pagepkg.Ahampage.clear(Ahampage.java:28)
at pagepkg.Ahampage.clear(Ahampage.java:28)
at pagepkg.Ahampage.clear(Ahampage.java:28)
at pagepkg.Ahampage.clear(Ahampage.java:28)
at pagepkg.Ahampage.clear(Ahampage.java:28)
at pagepkg.Ahampage.clear(Ahampage.java:28)
at pagepkg.Ahampage.clear(Ahampage.java:28)
at pagepkg.Ahampage.clear(Ahampage.java:28)
at pagepkg.Ahampage.clear(Ahampage.java:28)
at pagepkg.Ahampage.clear(Ahampage.java:28)
at pagepkg.Ahampage.clear(Ahampage.java:28)
at pagepkg.Ahampage.clear(Ahampage.java:28)
at pagepkg.Ahampage.clear(Ahampage.java:28)
at pagepkg.Ahampage.clear(Ahampage.java:28)
at pagepkg.Ahampage.clear(Ahampage.java:28)
at pagepkg.Ahampage.clear(Ahampage.java:28)
at pagepkg.Ahampage.clear(Ahampage.java:28)
at pagepkg.Ahampage.clear(Ahampage.java:28)
at pagepkg.Ahampage.clear(Ahampage.java:28)
at pagepkg.Ahampage.clear(Ahampage.java:28)
at pagepkg.Ahampage.clear(Ahampage.java:28)
at pagepkg.Ahampage.clear(Ahampage.java:28)
at pagepkg.Ahampage.clear(Ahampage.java:28)
at pagepkg.Ahampage.clear(Ahampage.java:28)
at pagepkg.Ahampage.clear(Ahampage.java:28)
at pagepkg.Ahampage.clear(Ahampage.java:28)
at pagepkg.Ahampage.clear(Ahampage.java:28)
at pagepkg.Ahampage.clear(Ahampage.java:28)
at pagepkg.Ahampage.clear(Ahampage.java:28)
at pagepkg.Ahampage.clear(Ahampage.java:28)
at pagepkg.Ahampage.clear(Ahampage.java:28)
at pagepkg.Ahampage.clear(Ahampage.java:28)
at pagepkg.Ahampage.clear(Ahampage.java:28)
at pagepkg.Ahampage.clear(Ahampage.java:28)
at pagepkg.Ahampage.clear(Ahampage.java:28)
at pagepkg.Ahampage.clear(Ahampage.java:28)
at pagepkg.Ahampage.clear(Ahampage.java:28)
at pagepkg.Ahampage.clear(Ahampage.java:28)
at pagepkg.Ahampage.clear(Ahampage.java:28)
at pagepkg.Ahampage.clear(Ahampage.java:28)
at pagepkg.Ahampage.clear(Ahampage.java:28)
at pagepkg.Ahampage.clear(Ahampage.java:28)
at pagepkg.Ahampage.clear(Ahampage.java:28)
at pagepkg.Ahampage.clear(Ahampage.java:28)
at pagepkg.Ahampage.clear(Ahampage.java:28)
at pagepkg.Ahampage.clear(Ahampage.java:28)
at pagepkg.Ahampage.clear(Ahampage.java:28)
at pagepkg.Ahampage.clear(Ahampage.java:28)
at pagepkg.Ahampage.clear(Ahampage.java:28)
at pagepkg.Ahampage.clear(Ahampage.java:28)
at pagepkg.Ahampage.clear(Ahampage.java:28)
at pagepkg.Ahampage.clear(Ahampage.java:28)
at pagepkg.Ahampage.clear(Ahampage.java:28)
at pagepkg.Ahampage.clear(Ahampage.java:28)
at pagepkg.Ahampage.clear(Ahampage.java:28)
at pagepkg.Ahampage.clear(Ahampage.java:28)
at pagepkg.Ahampage.clear(Ahampage.java:28)
at pagepkg.Ahampage.clear(Ahampage.java:28)
at pagepkg.Ahampage.clear(Ahampage.java:28)
at pagepkg.Ahampage.clear(Ahampage.java:28)
at pagepkg.Ahampage.clear(Ahampage.java:28)
at pagepkg.Ahampage.clear(Ahampage.java:28)
at pagepkg.Ahampage.clear(Ahampage.java:28)
at pagepkg.Ahampage.clear(Ahampage.java:28)
at pagepkg.Ahampage.clear(Ahampage.java:28)
at pagepkg.Ahampage.clear(Ahampage.java:28)
at pagepkg.Ahampage.clear(Ahampage.java:28)
at pagepkg.Ahampage.clear(Ahampage.java:28)
at pagepkg.Ahampage.clear(Ahampage.java:28)
at pagepkg.Ahampage.clear(Ahampage.java:28)
at pagepkg.Ahampage.clear(Ahampage.java:28)
at pagepkg.Ahampage.clear(Ahampage.java:28)
at pagepkg.Ahampage.clear(Ahampage.java:28)
at pagepkg.Ahampage.clear(Ahampage.java:28)
at pagepkg.Ahampage.clear(Ahampage.java:28)
at pagepkg.Ahampage.clear(Ahampage.java:28)
at pagepkg.Ahampage.clear(Ahampage.java:28)
at pagepkg.Ahampage.clear(Ahampage.java:28)
at pagepkg.Ahampage.clear(Ahampage.java:28)
at pagepkg.Ahampage.clear(Ahampage.java:28)
at pagepkg.Ahampage.clear(Ahampage.java:28)
at pagepkg.Ahampage.clear(Ahampage.java:28)
at pagepkg.Ahampage.clear(Ahampage.java:28)
at pagepkg.Ahampage.clear(Ahampage.java:28)
at pagepkg.Ahampage.clear(Ahampage.java:28)
at pagepkg.Ahampage.clear(Ahampage.java:28)
at pagepkg.Ahampage.clear(Ahampage.java:28)
at pagepkg.Ahampage.clear(Ahampage.java:28)
at pagepkg.Ahampage.clear(Ahampage.java:28)
at pagepkg.Ahampage.clear(Ahampage.java:28)
at pagepkg.Ahampage.clear(Ahampage.java:28)
at pagepkg.Ahampage.clear(Ahampage.java:28)
at pagepkg.Ahampage.clear(Ahampage.java:28)
at pagepkg.Ahampage.clear(Ahampage.java:28)
at pagepkg.Ahampage.clear(Ahampage.java:28)
at pagepkg.Ahampage.clear(Ahampage.java:28)
at pagepkg.Ahampage.clear(Ahampage.java:28)
at pagepkg.Ahampage.clear(Ahampage.java:28)
at pagepkg.Ahampage.clear(Ahampage.java:28)
at pagepkg.Ahampage.clear(Ahampage.java:28)
at pagepkg.Ahampage.clear(Ahampage.java:28)
at pagepkg.Ahampage.clear(Ahampage.java:28)
at pagepkg.Ahampage.clear(Ahampage.java:28)
at pagepkg.Ahampage.clear(Ahampage.java:28)
at pagepkg.Ahampage.clear(Ahampage.java:28)
at pagepkg.Ahampage.clear(Ahampage.java:28)
at pagepkg.Ahampage.clear(Ahampage.java:28)
at pagepkg.Ahampage.clear(Ahampage.java:28)
at pagepkg.Ahampage.clear(Ahampage.java:28)
at pagepkg.Ahampage.clear(Ahampage.java:28)
at pagepkg.Ahampage.clear(Ahampage.java:28)
at pagepkg.Ahampage.clear(Ahampage.java:28)
at pagepkg.Ahampage.clear(Ahampage.java:28)
at pagepkg.Ahampage.clear(Ahampage.java:28)
at pagepkg.Ahampage.clear(Ahampage.java:28)
at pagepkg.Ahampage.clear(Ahampage.java:28)
at pagepkg.Ahampage.clear(Ahampage.java:28)
at pagepkg.Ahampage.clear(Ahampage.java:28)
at pagepkg.Ahampage.clear(Ahampage.java:28)
at pagepkg.Ahampage.clear(Ahampage.java:28)
at pagepkg.Ahampage.clear(Ahampage.java:28)
at pagepkg.Ahampage.clear(Ahampage.java:28)
at pagepkg.Ahampage.clear(Ahampage.java:28)
at pagepkg.Ahampage.clear(Ahampage.java:28)
at pagepkg.Ahampage.clear(Ahampage.java:28)
at pagepkg.Ahampage.clear(Ahampage.java:28)
at pagepkg.Ahampage.clear(Ahampage.java:28)
at pagepkg.Ahampage.clear(Ahampage.java:28)
at pagepkg.Ahampage.clear(Ahampage.java:28)
at pagepkg.Ahampage.clear(Ahampage.java:28)
at pagepkg.Ahampage.clear(Ahampage.java:28)
at pagepkg.Ahampage.clear(Ahampage.java:28)
at pagepkg.Ahampage.clear(Ahampage.java:28)
at pagepkg.Ahampage.clear(Ahampage.java:28)
at pagepkg.Ahampage.clear(Ahampage.java:28)
at pagepkg.Ahampage.clear(Ahampage.java:28)
at pagepkg.Ahampage.clear(Ahampage.java:28)
at pagepkg.Ahampage.clear(Ahampage.java:28)
at pagepkg.Ahampage.clear(Ahampage.java:28)
at pagepkg.Ahampage.clear(Ahampage.java:28)
at pagepkg.Ahampage.clear(Ahampage.java:28)
at pagepkg.Ahampage.clear(Ahampage.java:28)
at pagepkg.Ahampage.clear(Ahampage.java:28)
at pagepkg.Ahampage.clear(Ahampage.java:28)
at pagepkg.Ahampage.clear(Ahampage.java:28)
at pagepkg.Ahampage.clear(Ahampage.java:28)
at pagepkg.Ahampage.clear(Ahampage.java:28)
at pagepkg.Ahampage.clear(Ahampage.java:28)
at pagepkg.Ahampage.clear(Ahampage.java:28)
at pagepkg.Ahampage.clear(Ahampage.java:28)
at pagepkg.Ahampage.clear(Ahampage.java:28)
at pagepkg.Ahampage.clear(Ahampage.java:28)
at pagepkg.Ahampage.clear(Ahampage.java:28)
at pagepkg.Ahampage.clear(Ahampage.java:28)
at pagepkg.Ahampage.clear(Ahampage.java:28)
at pagepkg.Ahampage.clear(Ahampage.java:28)
at pagepkg.Ahampage.clear(Ahampage.java:28)
at pagepkg.Ahampage.clear(Ahampage.java:28)
at pagepkg.Ahampage.clear(Ahampage.java:28)
at pagepkg.Ahampage.clear(Ahampage.java:28)
at pagepkg.Ahampage.clear(Ahampage.java:28)
at pagepkg.Ahampage.clear(Ahampage.java:28)
at pagepkg.Ahampage.clear(Ahampage.java:28)
at pagepkg.Ahampage.clear(Ahampage.java:28)
at pagepkg.Ahampage.clear(Ahampage.java:28)
at pagepkg.Ahampage.clear(Ahampage.java:28)
at pagepkg.Ahampage.clear(Ahampage.java:28)
at pagepkg.Ahampage.clear(Ahampage.java:28)
at pagepkg.Ahampage.clear(Ahampage.java:28)
at pagepkg.Ahampage.clear(Ahampage.java:28)
at pagepkg.Ahampage.clear(Ahampage.java:28)
at pagepkg.Ahampage.clear(Ahampage.java:28)
at pagepkg.Ahampage.clear(Ahampage.java:28)
at pagepkg.Ahampage.clear(Ahampage.java:28)
at pagepkg.Ahampage.clear(Ahampage.java:28)
at pagepkg.Ahampage.clear(Ahampage.java:28)
at pagepkg.Ahampage.clear(Ahampage.java:28)
at pagepkg.Ahampage.clear(Ahampage.java:28)
at pagepkg.Ahampage.clear(Ahampage.java:28)
at pagepkg.Ahampage.clear(Ahampage.java:28)
at pagepkg.Ahampage.clear(Ahampage.java:28)
at pagepkg.Ahampage.clear(Ahampage.java:28)
at pagepkg.Ahampage.clear(Ahampage.java:28)
at pagepkg.Ahampage.clear(Ahampage.java:28)
at pagepkg.Ahampage.clear(Ahampage.java:28)
at pagepkg.Ahampage.clear(Ahampage.java:28)
at pagepkg.Ahampage.clear(Ahampage.java:28)
at pagepkg.Ahampage.clear(Ahampage.java:28)
at pagepkg.Ahampage.clear(Ahampage.java:28)
at pagepkg.Ahampage.clear(Ahampage.java:28)
at pagepkg.Ahampage.clear(Ahampage.java:28)
at pagepkg.Ahampage.clear(Ahampage.java:28)
at pagepkg.Ahampage.clear(Ahampage.java:28)
at pagepkg.Ahampage.clear(Ahampage.java:28)
at pagepkg.Ahampage.clear(Ahampage.java:28)
at pagepkg.Ahampage.clear(Ahampage.java:28)
at pagepkg.Ahampage.clear(Ahampage.java:28)
at pagepkg.Ahampage.clear(Ahampage.java:28)
at pagepkg.Ahampage.clear(Ahampage.java:28)
at pagepkg.Ahampage.clear(Ahampage.java:28)
at pagepkg.Ahampage.clear(Ahampage.java:28)
at pagepkg.Ahampage.clear(Ahampage.java:28)
at pagepkg.Ahampage.clear(Ahampage.java:28)
at pagepkg.Ahampage.clear(Ahampage.java:28)
at pagepkg.Ahampage.clear(Ahampage.java:28)
at pagepkg.Ahampage.clear(Ahampage.java:28)
at pagepkg.Ahampage.clear(Ahampage.java:28)
at pagepkg.Ahampage.clear(Ahampage.java:28)
at pagepkg.Ahampage.clear(Ahampage.java:28)
at pagepkg.Ahampage.clear(Ahampage.java:28)
at pagepkg.Ahampage.clear(Ahampage.java:28)
at pagepkg.Ahampage.clear(Ahampage.java:28)
at pagepkg.Ahampage.clear(Ahampage.java:28)
at pagepkg.Ahampage.clear(Ahampage.java:28)
at pagepkg.Ahampage.clear(Ahampage.java:28)
at pagepkg.Ahampage.clear(Ahampage.java:28)
at pagepkg.Ahampage.clear(Ahampage.java:28)
at pagepkg.Ahampage.clear(Ahampage.java:28)
at pagepkg.Ahampage.clear(Ahampage.java:28)
at pagepkg.Ahampage.clear(Ahampage.java:28)
at pagepkg.Ahampage.clear(Ahampage.java:28)
at pagepkg.Ahampage.clear(Ahampage.java:28)
at pagepkg.Ahampage.clear(Ahampage.java:28)
at pagepkg.Ahampage.clear(Ahampage.java:28)
at pagepkg.Ahampage.clear(Ahampage.java:28)
at pagepkg.Ahampage.clear(Ahampage.java:28)
at pagepkg.Ahampage.clear(Ahampage.java:28)
at pagepkg.Ahampage.clear(Ahampage.java:28)
at pagepkg.Ahampage.clear(Ahampage.java:28)
at pagepkg.Ahampage.clear(Ahampage.java:28)
at pagepkg.Ahampage.clear(Ahampage.java:28)
at pagepkg.Ahampage.clear(Ahampage.java:28)
at pagepkg.Ahampage.clear(Ahampage.java:28)
at pagepkg.Ahampage.clear(Ahampage.java:28)
at pagepkg.Ahampage.clear(Ahampage.java:28)
at pagepkg.Ahampage.clear(Ahampage.java:28)
at pagepkg.Ahampage.clear(Ahampage.java:28)
at pagepkg.Ahampage.clear(Ahampage.java:28)
at pagepkg.Ahampage.clear(Ahampage.java:28)
at pagepkg.Ahampage.clear(Ahampage.java:28)
at pagepkg.Ahampage.clear(Ahampage.java:28)
at pagepkg.Ahampage.clear(Ahampage.java:28)
at pagepkg.Ahampage.clear(Ahampage.java:28)
at pagepkg.Ahampage.clear(Ahampage.java:28)
at pagepkg.Ahampage.clear(Ahampage.java:28)
at pagepkg.Ahampage.clear(Ahampage.java:28)
at pagepkg.Ahampage.clear(Ahampage.java:28)
at pagepkg.Ahampage.clear(Ahampage.java:28)
at pagepkg.Ahampage.clear(Ahampage.java:28)
at pagepkg.Ahampage.clear(Ahampage.java:28)
at pagepkg.Ahampage.clear(Ahampage.java:28)
at pagepkg.Ahampage.clear(Ahampage.java:28)
at pagepkg.Ahampage.clear(Ahampage.java:28)
at pagepkg.Ahampage.clear(Ahampage.java:28)
at pagepkg.Ahampage.clear(Ahampage.java:28)
at pagepkg.Ahampage.clear(Ahampage.java:28)
at pagepkg.Ahampage.clear(Ahampage.java:28)
at pagepkg.Ahampage.clear(Ahampage.java:28)
at pagepkg.Ahampage.clear(Ahampage.java:28)
at pagepkg.Ahampage.clear(Ahampage.java:28)
at pagepkg.Ahampage.clear(Ahampage.java:28)
at pagepkg.Ahampage.clear(Ahampage.java:28)
at pagepkg.Ahampage.clear(Ahampage.java:28)
at pagepkg.Ahampage.clear(Ahampage.java:28)
at pagepkg.Ahampage.clear(Ahampage.java:28)
at pagepkg.Ahampage.clear(Ahampage.java:28)
at pagepkg.Ahampage.clear(Ahampage.java:28)
at pagepkg.Ahampage.clear(Ahampage.java:28)
at pagepkg.Ahampage.clear(Ahampage.java:28)
at pagepkg.Ahampage.clear(Ahampage.java:28)
at pagepkg.Ahampage.clear(Ahampage.java:28)
at pagepkg.Ahampage.clear(Ahampage.java:28)
at pagepkg.Ahampage.clear(Ahampage.java:28)
at pagepkg.Ahampage.clear(Ahampage.java:28)
at pagepkg.Ahampage.clear(Ahampage.java:28)
at pagepkg.Ahampage.clear(Ahampage.java:28)
at pagepkg.Ahampage.clear(Ahampage.java:28)
at pagepkg.Ahampage.clear(Ahampage.java:28)
at pagepkg.Ahampage.clear(Ahampage.java:28)
at pagepkg.Ahampage.clear(Ahampage.java:28)
at pagepkg.Ahampage.clear(Ahampage.java:28)
at pagepkg.Ahampage.clear(Ahampage.java:28)
at pagepkg.Ahampage.clear(Ahampage.java:28)
at pagepkg.Ahampage.clear(Ahampage.java:28)
at pagepkg.Ahampage.clear(Ahampage.java:28)
at pagepkg.Ahampage.clear(Ahampage.java:28)
at pagepkg.Ahampage.clear(Ahampage.java:28)
at pagepkg.Ahampage.clear(Ahampage.java:28)
at pagepkg.Ahampage.clear(Ahampage.java:28)
at pagepkg.Ahampage.clear(Ahampage.java:28)
at pagepkg.Ahampage.clear(Ahampage.java:28)
at pagepkg.Ahampage.clear(Ahampage.java:28)
at pagepkg.Ahampage.clear(Ahampage.java:28)
at pagepkg.Ahampage.clear(Ahampage.java:28)
at pagepkg.Ahampage.clear(Ahampage.java:28)
at pagepkg.Ahampage.clear(Ahampage.java:28)
at pagepkg.Ahampage.clear(Ahampage.java:28)
at pagepkg.Ahampage.clear(Ahampage.java:28)
at pagepkg.Ahampage.clear(Ahampage.java:28)
at pagepkg.Ahampage.clear(Ahampage.java:28)
at pagepkg.Ahampage.clear(Ahampage.java:28)
at pagepkg.Ahampage.clear(Ahampage.java:28)
at pagepkg.Ahampage.clear(Ahampage.java:28)
at pagepkg.Ahampage.clear(Ahampage.java:28)
at pagepkg.Ahampage.clear(Ahampage.java:28)
at pagepkg.Ahampage.clear(Ahampage.java:28)
at pagepkg.Ahampage.clear(Ahampage.java:28)
at pagepkg.Ahampage.clear(Ahampage.java:28)
at pagepkg.Ahampage.clear(Ahampage.java:28)
at pagepkg.Ahampage.clear(Ahampage.java:28)
at pagepkg.Ahampage.clear(Ahampage.java:28)
at pagepkg.Ahampage.clear(Ahampage.java:28)
at pagepkg.Ahampage.clear(Ahampage.java:28)
at pagepkg.Ahampage.clear(Ahampage.java:28)
at pagepkg.Ahampage.clear(Ahampage.java:28)
at pagepkg.Ahampage.clear(Ahampage.java:28)
at pagepkg.Ahampage.clear(Ahampage.java:28)
at pagepkg.Ahampage.clear(Ahampage.java:28)
at pagepkg.Ahampage.clear(Ahampage.java:28)
at pagepkg.Ahampage.clear(Ahampage.java:28)
at pagepkg.Ahampage.clear(Ahampage.java:28)
at pagepkg.Ahampage.clear(Ahampage.java:28)
at pagepkg.Ahampage.clear(Ahampage.java:28)
at pagepkg.Ahampage.clear(Ahampage.java:28)
at pagepkg.Ahampage.clear(Ahampage.java:28)
at pagepkg.Ahampage.clear(Ahampage.java:28)
at pagepkg.Ahampage.clear(Ahampage.java:28)
at pagepkg.Ahampage.clear(Ahampage.java:28)
at pagepkg.Ahampage.clear(Ahampage.java:28)
at pagepkg.Ahampage.clear(Ahampage.java:28)
at pagepkg.Ahampage.clear(Ahampage.java:28)
at pagepkg.Ahampage.clear(Ahampage.java:28)
at pagepkg.Ahampage.clear(Ahampage.java:28)
at pagepkg.Ahampage.clear(Ahampage.java:28)
at pagepkg.Ahampage.clear(Ahampage.java:28)
at pagepkg.Ahampage.clear(Ahampage.java:28)
at pagepkg.Ahampage.clear(Ahampage.java:28)
at pagepkg.Ahampage.clear(Ahampage.java:28)
at pagepkg.Ahampage.clear(Ahampage.java:28)
at pagepkg.Ahampage.clear(Ahampage.java:28)
at pagepkg.Ahampage.clear(Ahampage.java:28)
at pagepkg.Ahampage.clear(Ahampage.java:28)
at pagepkg.Ahampage.clear(Ahampage.java:28)
at pagepkg.Ahampage.clear(Ahampage.java:28)
at pagepkg.Ahampage.clear(Ahampage.java:28)
at pagepkg.Ahampage.clear(Ahampage.java:28)
at pagepkg.Ahampage.clear(Ahampage.java:28)
at pagepkg.Ahampage.clear(Ahampage.java:28)
at pagepkg.Ahampage.clear(Ahampage.java:28)
at pagepkg.Ahampage.clear(Ahampage.java:28)
at pagepkg.Ahampage.clear(Ahampage.java:28)
at pagepkg.Ahampage.clear(Ahampage.java:28)
at pagepkg.Ahampage.clear(Ahampage.java:28)
at pagepkg.Ahampage.clear(Ahampage.java:28)
at pagepkg.Ahampage.clear(Ahampage.java:28)
at pagepkg.Ahampage.clear(Ahampage.java:28)
at pagepkg.Ahampage.clear(Ahampage.java:28)
at pagepkg.Ahampage.clear(Ahampage.java:28)
at pagepkg.Ahampage.clear(Ahampage.java:28)
at pagepkg.Ahampage.clear(Ahampage.java:28)
at pagepkg.Ahampage.clear(Ahampage.java:28)
at pagepkg.Ahampage.clear(Ahampage.java:28)
at pagepkg.Ahampage.clear(Ahampage.java:28)
at pagepkg.Ahampage.clear(Ahampage.java:28)
at pagepkg.Ahampage.clear(Ahampage.java:28)
at pagepkg.Ahampage.clear(Ahampage.java:28)
at pagepkg.Ahampage.clear(Ahampage.java:28)
at pagepkg.Ahampage.clear(Ahampage.java:28)
at pagepkg.Ahampage.clear(Ahampage.java:28)
at pagepkg.Ahampage.clear(Ahampage.java:28)
at pagepkg.Ahampage.clear(Ahampage.java:28)
at pagepkg.Ahampage.clear(Ahampage.java:28)
at pagepkg.Ahampage.clear(Ahampage.java:28)
at pagepkg.Ahampage.clear(Ahampage.java:28)
at pagepkg.Ahampage.clear(Ahampage.java:28)
at pagepkg.Ahampage.clear(Ahampage.java:28)
at pagepkg.Ahampage.clear(Ahampage.java:28)
at pagepkg.Ahampage.clear(Ahampage.java:28)
at pagepkg.Ahampage.clear(Ahampage.java:28)
at pagepkg.Ahampage.clear(Ahampage.java:28)
at pagepkg.Ahampage.clear(Ahampage.java:28)
at pagepkg.Ahampage.clear(Ahampage.java:28)
at pagepkg.Ahampage.clear(Ahampage.java:28)
at pagepkg.Ahampage.clear(Ahampage.java:28)
at pagepkg.Ahampage.clear(Ahampage.java:28)
at pagepkg.Ahampage.clear(Ahampage.java:28)
at pagepkg.Ahampage.clear(Ahampage.java:28)
at pagepkg.Ahampage.clear(Ahampage.java:28)
at pagepkg.Ahampage.clear(Ahampage.java:28)
at pagepkg.Ahampage.clear(Ahampage.java:28)
at pagepkg.Ahampage.clear(Ahampage.java:28)
at pagepkg.Ahampage.clear(Ahampage.java:28)
at pagepkg.Ahampage.clear(Ahampage.java:28)
at pagepkg.Ahampage.clear(Ahampage.java:28)
at pagepkg.Ahampage.clear(Ahampage.java:28)
at pagepkg.Ahampage.clear(Ahampage.java:28)
at pagepkg.Ahampage.clear(Ahampage.java:28)
at pagepkg.Ahampage.clear(Ahampage.java:28)
at pagepkg.Ahampage.clear(Ahampage.java:28)
at pagepkg.Ahampage.clear(Ahampage.java:28)
at pagepkg.Ahampage.clear(Ahampage.java:28)
at pagepkg.Ahampage.clear(Ahampage.java:28)
at pagepkg.Ahampage.clear(Ahampage.java:28)
at pagepkg.Ahampage.clear(Ahampage.java:28)
at pagepkg.Ahampage.clear(Ahampage.java:28)
at pagepkg.Ahampage.clear(Ahampage.java:28)
at pagepkg.Ahampage.clear(Ahampage.java:28)
at pagepkg.Ahampage.clear(Ahampage.java:28)
at pagepkg.Ahampage.clear(Ahampage.java:28)
at pagepkg.Ahampage.clear(Ahampage.java:28)
at pagepkg.Ahampage.clear(Ahampage.java:28)
at pagepkg.Ahampage.clear(Ahampage.java:28)
at pagepkg.Ahampage.clear(Ahampage.java:28)
at pagepkg.Ahampage.clear(Ahampage.java:28)
at pagepkg.Ahampage.clear(Ahampage.java:28)
at pagepkg.Ahampage.clear(Ahampage.java:28)
at pagepkg.Ahampage.clear(Ahampage.java:28)
at pagepkg.Ahampage.clear(Ahampage.java:28)
at pagepkg.Ahampage.clear(Ahampage.java:28)
at pagepkg.Ahampage.clear(Ahampage.java:28)
at pagepkg.Ahampage.clear(Ahampage.java:28)
at pagepkg.Ahampage.clear(Ahampage.java:28)
at pagepkg.Ahampage.clear(Ahampage.java:28)
at pagepkg.Ahampage.clear(Ahampage.java:28)
at pagepkg.Ahampage.clear(Ahampage.java:28)
at pagepkg.Ahampage.clear(Ahampage.java:28)
at pagepkg.Ahampage.clear(Ahampage.java:28)
at pagepkg.Ahampage.clear(Ahampage.java:28)
at pagepkg.Ahampage.clear(Ahampage.java:28)
at pagepkg.Ahampage.clear(Ahampage.java:28)
at pagepkg.Ahampage.clear(Ahampage.java:28)
at pagepkg.Ahampage.clear(Ahampage.java:28)
at pagepkg.Ahampage.clear(Ahampage.java:28)
at pagepkg.Ahampage.clear(Ahampage.java:28)
at pagepkg.Ahampage.clear(Ahampage.java:28)
at pagepkg.Ahampage.clear(Ahampage.java:28)
at pagepkg.Ahampage.clear(Ahampage.java:28)
at pagepkg.Ahampage.clear(Ahampage.java:28)
at pagepkg.Ahampage.clear(Ahampage.java:28)
at pagepkg.Ahampage.clear(Ahampage.java:28)
at pagepkg.Ahampage.clear(Ahampage.java:28)
at pagepkg.Ahampage.clear(Ahampage.java:28)
at pagepkg.Ahampage.clear(Ahampage.java:28)
at pagepkg.Ahampage.clear(Ahampage.java:28)
at pagepkg.Ahampage.clear(Ahampage.java:28)
at pagepkg.Ahampage.clear(Ahampage.java:28)
at pagepkg.Ahampage.clear(Ahampage.java:28)
at pagepkg.Ahampage.clear(Ahampage.java:28)
at pagepkg.Ahampage.clear(Ahampage.java:28)
at pagepkg.Ahampage.clear(Ahampage.java:28)
at pagepkg.Ahampage.clear(Ahampage.java:28)
at pagepkg.Ahampage.clear(Ahampage.java:28)
at pagepkg.Ahampage.clear(Ahampage.java:28)
at pagepkg.Ahampage.clear(Ahampage.java:28)
at pagepkg.Ahampage.clear(Ahampage.java:28)
at pagepkg.Ahampage.clear(Ahampage.java:28)
at pagepkg.Ahampage.clear(Ahampage.java:28)
at pagepkg.Ahampage.clear(Ahampage.java:28)
at pagepkg.Ahampage.clear(Ahampage.java:28)
at pagepkg.Ahampage.clear(Ahampage.java:28)
at pagepkg.Ahampage.clear(Ahampage.java:28)
at pagepkg.Ahampage.clear(Ahampage.java:28)
at pagepkg.Ahampage.clear(Ahampage.java:28)
at pagepkg.Ahampage.clear(Ahampage.java:28)
at pagepkg.Ahampage.clear(Ahampage.java:28)
at pagepkg.Ahampage.clear(Ahampage.java:28)
at pagepkg.Ahampage.clear(Ahampage.java:28)
at pagepkg.Ahampage.clear(Ahampage.java:28)
at pagepkg.Ahampage.clear(Ahampage.java:28)
at pagepkg.Ahampage.clear(Ahampage.java:28)
at pagepkg.Ahampage.clear(Ahampage.java:28)
at pagepkg.Ahampage.clear(Ahampage.java:28)
at pagepkg.Ahampage.clear(Ahampage.java:28)
at pagepkg.Ahampage.clear(Ahampage.java:28)
at pagepkg.Ahampage.clear(Ahampage.java:28)
at pagepkg.Ahampage.clear(Ahampage.java:28)
at pagepkg.Ahampage.clear(Ahampage.java:28)
at pagepkg.Ahampage.clear(Ahampage.java:28)
at pagepkg.Ahampage.clear(Ahampage.java:28)
at pagepkg.Ahampage.clear(Ahampage.java:28)
at pagepkg.Ahampage.clear(Ahampage.java:28)
at pagepkg.Ahampage.clear(Ahampage.java:28)
at pagepkg.Ahampage.clear(Ahampage.java:28)
at pagepkg.Ahampage.clear(Ahampage.java:28)
at pagepkg.Ahampage.clear(Ahampage.java:28)
at pagepkg.Ahampage.clear(Ahampage.java:28)
at pagepkg.Ahampage.clear(Ahampage.java:28)
at pagepkg.Ahampage.clear(Ahampage.java:28)
at pagepkg.Ahampage.clear(Ahampage.java:28)
at pagepkg.Ahampage.clear(Ahampage.java:28)
at pagepkg.Ahampage.clear(Ahampage.java:28)
at pagepkg.Ahampage.clear(Ahampage.java:28)
at pagepkg.Ahampage.clear(Ahampage.java:28)
at pagepkg.Ahampage.clear(Ahampage.java:28)
at pagepkg.Ahampage.clear(Ahampage.java:28)
at pagepkg.Ahampage.clear(Ahampage.java:28)
at pagepkg.Ahampage.clear(Ahampage.java:28)
at pagepkg.Ahampage.clear(Ahampage.java:28)
at pagepkg.Ahampage.clear(Ahampage.java:28)
at pagepkg.Ahampage.clear(Ahampage.java:28)
at pagepkg.Ahampage.clear(Ahampage.java:28)
at pagepkg.Ahampage.clear(Ahampage.java:28)
at pagepkg.Ahampage.clear(Ahampage.java:28)
at pagepkg.Ahampage.clear(Ahampage.java:28)
at pagepkg.Ahampage.clear(Ahampage.java:28)
at pagepkg.Ahampage.clear(Ahampage.java:28)
at pagepkg.Ahampage.clear(Ahampage.java:28)
at pagepkg.Ahampage.clear(Ahampage.java:28)
at pagepkg.Ahampage.clear(Ahampage.java:28)
at pagepkg.Ahampage.clear(Ahampage.java:28)
at pagepkg.Ahampage.clear(Ahampage.java:28)
at pagepkg.Ahampage.clear(Ahampage.java:28)
at pagepkg.Ahampage.clear(Ahampage.java:28)
at pagepkg.Ahampage.clear(Ahampage.java:28)
at pagepkg.Ahampage.clear(Ahampage.java:28)
at pagepkg.Ahampage.clear(Ahampage.java:28)
at pagepkg.Ahampage.clear(Ahampage.java:28)
at pagepkg.Ahampage.clear(Ahampage.java:28)
at pagepkg.Ahampage.clear(Ahampage.java:28)
at pagepkg.Ahampage.clear(Ahampage.java:28)
at pagepkg.Ahampage.clear(Ahampage.java:28)
at pagepkg.Ahampage.clear(Ahampage.java:28)
at pagepkg.Ahampage.clear(Ahampage.java:28)
at pagepkg.Ahampage.clear(Ahampage.java:28)
at pagepkg.Ahampage.clear(Ahampage.java:28)
at pagepkg.Ahampage.clear(Ahampage.java:28)
at pagepkg.Ahampage.clear(Ahampage.java:28)
at pagepkg.Ahampage.clear(Ahampage.java:28)
at pagepkg.Ahampage.clear(Ahampage.java:28)
at pagepkg.Ahampage.clear(Ahampage.java:28)
at pagepkg.Ahampage.clear(Ahampage.java:28)
at pagepkg.Ahampage.clear(Ahampage.java:28)
at pagepkg.Ahampage.clear(Ahampage.java:28)
at pagepkg.Ahampage.clear(Ahampage.java:28)
at pagepkg.Ahampage.clear(Ahampage.java:28)
at pagepkg.Ahampage.clear(Ahampage.java:28)
at pagepkg.Ahampage.clear(Ahampage.java:28)
at pagepkg.Ahampage.clear(Ahampage.java:28)
at pagepkg.Ahampage.clear(Ahampage.java:28)
at pagepkg.Ahampage.clear(Ahampage.java:28)
at pagepkg.Ahampage.clear(Ahampage.java:28)
at pagepkg.Ahampage.clear(Ahampage.java:28)
at pagepkg.Ahampage.clear(Ahampage.java:28)
at pagepkg.Ahampage.clear(Ahampage.java:28)
at pagepkg.Ahampage.clear(Ahampage.java:28)
at pagepkg.Ahampage.clear(Ahampage.java:28)
at pagepkg.Ahampage.clear(Ahampage.java:28)
at pagepkg.Ahampage.clear(Ahampage.java:28)
at pagepkg.Ahampage.clear(Ahampage.java:28)
at pagepkg.Ahampage.clear(Ahampage.java:28)
at pagepkg.Ahampage.clear(Ahampage.java:28)
at pagepkg.Ahampage.clear(Ahampage.java:28)
at pagepkg.Ahampage.clear(Ahampage.java:28)
at pagepkg.Ahampage.clear(Ahampage.java:28)
at pagepkg.Ahampage.clear(Ahampage.java:28)
at pagepkg.Ahampage.clear(Ahampage.java:28)
at pagepkg.Ahampage.clear(Ahampage.java:28)
at pagepkg.Ahampage.clear(Ahampage.java:28)
at pagepkg.Ahampage.clear(Ahampage.java:28)
at pagepkg.Ahampage.clear(Ahampage.java:28)
at pagepkg.Ahampage.clear(Ahampage.java:28)
at pagepkg.Ahampage.clear(Ahampage.java:28)
at pagepkg.Ahampage.clear(Ahampage.java:28)
at pagepkg.Ahampage.clear(Ahampage.java:28)
at pagepkg.Ahampage.clear(Ahampage.java:28)
at pagepkg.Ahampage.clear(Ahampage.java:28)
at pagepkg.Ahampage.clear(Ahampage.java:28)
at pagepkg.Ahampage.clear(Ahampage.java:28)
at pagepkg.Ahampage.clear(Ahampage.java:28)
at pagepkg.Ahampage.clear(Ahampage.java:28)
at pagepkg.Ahampage.clear(Ahampage.java:28)
at pagepkg.Ahampage.clear(Ahampage.java:28)
at pagepkg.Ahampage.clear(Ahampage.java:28)
at pagepkg.Ahampage.clear(Ahampage.java:28)
at pagepkg.Ahampage.clear(Ahampage.java:28)
at pagepkg.Ahampage.clear(Ahampage.java:28)
at pagepkg.Ahampage.clear(Ahampage.java:28)
at pagepkg.Ahampage.clear(Ahampage.java:28)
at pagepkg.Ahampage.clear(Ahampage.java:28)
at pagepkg.Ahampage.clear(Ahampage.java:28)
at pagepkg.Ahampage.clear(Ahampage.java:28)
at pagepkg.Ahampage.clear(Ahampage.java:28)
at pagepkg.Ahampage.clear(Ahampage.java:28)
at pagepkg.Ahampage.clear(Ahampage.java:28)
at pagepkg.Ahampage.clear(Ahampage.java:28)
at pagepkg.Ahampage.clear(Ahampage.java:28)
at pagepkg.Ahampage.clear(Ahampage.java:28)
at pagepkg.Ahampage.clear(Ahampage.java:28)
at pagepkg.Ahampage.clear(Ahampage.java:28)
at pagepkg.Ahampage.clear(Ahampage.java:28)
at pagepkg.Ahampage.clear(Ahampage.java:28)
at pagepkg.Ahampage.clear(Ahampage.java:28)
at pagepkg.Ahampage.clear(Ahampage.java:28)
at pagepkg.Ahampage.clear(Ahampage.java:28)
at pagepkg.Ahampage.clear(Ahampage.java:28)
at pagepkg.Ahampage.clear(Ahampage.java:28)
at pagepkg.Ahampage.clear(Ahampage.java:28)
at pagepkg.Ahampage.clear(Ahampage.java:28)
at pagepkg.Ahampage.clear(Ahampage.java:28)
at pagepkg.Ahampage.clear(Ahampage.java:28)
at pagepkg.Ahampage.clear(Ahampage.java:28)
at pagepkg.Ahampage.clear(Ahampage.java:28)
at pagepkg.Ahampage.clear(Ahampage.java:28)
at pagepkg.Ahampage.clear(Ahampage.java:28)
at pagepkg.Ahampage.clear(Ahampage.java:28)
at pagepkg.Ahampage.clear(Ahampage.java:28)
at pagepkg.Ahampage.clear(Ahampage.java:28)
at pagepkg.Ahampage.clear(Ahampage.java:28)
at pagepkg.Ahampage.clear(Ahampage.java:28)
at pagepkg.Ahampage.clear(Ahampage.java:28)
at pagepkg.Ahampage.clear(Ahampage.java:28)
at pagepkg.Ahampage.clear(Ahampage.java:28)
at pagepkg.Ahampage.clear(Ahampage.java:28)
at pagepkg.Ahampage.clear(Ahampage.java:28)
at pagepkg.Ahampage.clear(Ahampage.java:28)
at pagepkg.Ahampage.clear(Ahampage.java:28)
at pagepkg.Ahampage.clear(Ahampage.java:28)
at pagepkg.Ahampage.clear(Ahampage.java:28)
at pagepkg.Ahampage.clear(Ahampage.java:28)
at pagepkg.Ahampage.clear(Ahampage.java:28)
at pagepkg.Ahampage.clear(Ahampage.java:28)
at pagepkg.Ahampage.clear(Ahampage.java:28)
at pagepkg.Ahampage.clear(Ahampage.java:28)
at pagepkg.Ahampage.clear(Ahampage.java:28)
at pagepkg.Ahampage.clear(Ahampage.java:28)
at pagepkg.Ahampage.clear(Ahampage.java:28)
at pagepkg.Ahampage.clear(Ahampage.java:28)
at pagepkg.Ahampage.clear(Ahampage.java:28)
at pagepkg.Ahampage.clear(Ahampage.java:28)
at pagepkg.Ahampage.clear(Ahampage.java:28)
at pagepkg.Ahampage.clear(Ahampage.java:28)
at pagepkg.Ahampage.clear(Ahampage.java:28)
at pagepkg.Ahampage.clear(Ahampage.java:28)
at pagepkg.Ahampage.clear(Ahampage.java:28)
at pagepkg.Ahampage.clear(Ahampage.java:28)
at pagepkg.Ahampage.clear(Ahampage.java:28)
at pagepkg.Ahampage.clear(Ahampage.java:28)
at pagepkg.Ahampage.clear(Ahampage.java:28)
at pagepkg.Ahampage.clear(Ahampage.java:28)
at pagepkg.Ahampage.clear(Ahampage.java:28)
at pagepkg.Ahampage.clear(Ahampage.java:28)
at pagepkg.Ahampage.clear(Ahampage.java:28)
at pagepkg.Ahampage.clear(Ahampage.java:28)
at pagepkg.Ahampage.clear(Ahampage.java:28)
at pagepkg.Ahampage.clear(Ahampage.java:28)
at pagepkg.Ahampage.clear(Ahampage.java:28)
at pagepkg.Ahampage.clear(Ahampage.java:28)
at pagepkg.Ahampage.clear(Ahampage.java:28)
at pagepkg.Ahampage.clear(Ahampage.java:28)
at pagepkg.Ahampage.clear(Ahampage.java:28)
at pagepkg.Ahampage.clear(Ahampage.java:28)
at pagepkg.Ahampage.clear(Ahampage.java:28)
at pagepkg.Ahampage.clear(Ahampage.java:28)
at pagepkg.Ahampage.clear(Ahampage.java:28)
at pagepkg.Ahampage.clear(Ahampage.java:28)
at pagepkg.Ahampage.clear(Ahampage.java:28)
at pagepkg.Ahampage.clear(Ahampage.java:28)
at pagepkg.Ahampage.clear(Ahampage.java:28)
at pagepkg.Ahampage.clear(Ahampage.java:28)
at pagepkg.Ahampage.clear(Ahampage.java:28)
at pagepkg.Ahampage.clear(Ahampage.java:28)
at pagepkg.Ahampage.clear(Ahampage.java:28)
at pagepkg.Ahampage.clear(Ahampage.java:28)
at pagepkg.Ahampage.clear(Ahampage.java:28)
at pagepkg.Ahampage.clear(Ahampage.java:28)
at pagepkg.Ahampage.clear(Ahampage.java:28)
at pagepkg.Ahampage.clear(Ahampage.java:28)
at pagepkg.Ahampage.clear(Ahampage.java:28)
at pagepkg.Ahampage.clear(Ahampage.java:28)
at pagepkg.Ahampage.clear(Ahampage.java:28)
at pagepkg.Ahampage.clear(Ahampage.java:28)
at pagepkg.Ahampage.clear(Ahampage.java:28)
at pagepkg.Ahampage.clear(Ahampage.java:28)
at pagepkg.Ahampage.clear(Ahampage.java:28)
at pagepkg.Ahampage.clear(Ahampage.java:28)
at pagepkg.Ahampage.clear(Ahampage.java:28)
at pagepkg.Ahampage.clear(Ahampage.java:28)
at pagepkg.Ahampage.clear(Ahampage.java:28)
at pagepkg.Ahampage.clear(Ahampage.java:28)
at pagepkg.Ahampage.clear(Ahampage.java:28)
at pagepkg.Ahampage.clear(Ahampage.java:28)
at pagepkg.Ahampage.clear(Ahampage.java:28)
at pagepkg.Ahampage.clear(Ahampage.java:28)
at pagepkg.Ahampage.clear(Ahampage.java:28)
at pagepkg.Ahampage.clear(Ahampage.java:28)
at pagepkg.Ahampage.clear(Ahampage.java:28)
at pagepkg.Ahampage.clear(Ahampage.java:28)
at pagepkg.Ahampage.clear(Ahampage.java:28)
at pagepkg.Ahampage.clear(Ahampage.java:28)
at pagepkg.Ahampage.clear(Ahampage.java:28)
at pagepkg.Ahampage.clear(Ahampage.java:28)
at pagepkg.Ahampage.clear(Ahampage.java:28)
at pagepkg.Ahampage.clear(Ahampage.java:28)
at pagepkg.Ahampage.clear(Ahampage.java:28)
at pagepkg.Ahampage.clear(Ahampage.java:28)
at pagepkg.Ahampage.clear(Ahampage.java:28)
at pagepkg.Ahampage.clear(Ahampage.java:28)
at pagepkg.Ahampage.clear(Ahampage.java:28)
at pagepkg.Ahampage.clear(Ahampage.java:28)
at pagepkg.Ahampage.clear(Ahampage.java:28)
at pagepkg.Ahampage.clear(Ahampage.java:28)
at pagepkg.Ahampage.clear(Ahampage.java:28)
at pagepkg.Ahampage.clear(Ahampage.java:28)
at pagepkg.Ahampage.clear(Ahampage.java:28)
at pagepkg.Ahampage.clear(Ahampage.java:28)
at pagepkg.Ahampage.clear(Ahampage.java:28)
at pagepkg.Ahampage.clear(Ahampage.java:28)
at pagepkg.Ahampage.clear(Ahampage.java:28)
at pagepkg.Ahampage.clear(Ahampage.java:28)
at pagepkg.Ahampage.clear(Ahampage.java:28)
at pagepkg.Ahampage.clear(Ahampage.java:28)
at pagepkg.Ahampage.clear(Ahampage.java:28)
at pagepkg.Ahampage.clear(Ahampage.java:28)
at pagepkg.Ahampage.clear(Ahampage.java:28)
at pagepkg.Ahampage.clear(Ahampage.java:28)
at pagepkg.Ahampage.clear(Ahampage.java:28)
at pagepkg.Ahampage.clear(Ahampage.java:28)
at pagepkg.Ahampage.clear(Ahampage.java:28)
at pagepkg.Ahampage.clear(Ahampage.java:28)
at pagepkg.Ahampage.clear(Ahampage.java:28)
at pagepkg.Ahampage.clear(Ahampage.java:28)
at pagepkg.Ahampage.clear(Ahampage.java:28)
at pagepkg.Ahampage.clear(Ahampage.java:28)
at pagepkg.Ahampage.clear(Ahampage.java:28)
at pagepkg.Ahampage.clear(Ahampage.java:28)
at pagepkg.Ahampage.clear(Ahampage.java:28)
at pagepkg.Ahampage.clear(Ahampage.java:28)
at pagepkg.Ahampage.clear(Ahampage.java:28)
at pagepkg.Ahampage.clear(Ahampage.java:28)
at pagepkg.Ahampage.clear(Ahampage.java:28)
at pagepkg.Ahampage.clear(Ahampage.java:28)
at pagepkg.Ahampage.clear(Ahampage.java:28)
at pagepkg.Ahampage.clear(Ahampage.java:28)
at pagepkg.Ahampage.clear(Ahampage.java:28)
at pagepkg.Ahampage.clear(Ahampage.java:28)
at pagepkg.Ahampage.clear(Ahampage.java:28)
at pagepkg.Ahampage.clear(Ahampage.java:28)
at pagepkg.Ahampage.clear(Ahampage.java:28)
at pagepkg.Ahampage.clear(Ahampage.java:28)
at pagepkg.Ahampage.clear(Ahampage.java:28)
at pagepkg.Ahampage.clear(Ahampage.java:28)
at pagepkg.Ahampage.clear(Ahampage.java:28)
at pagepkg.Ahampage.clear(Ahampage.java:28)
at pagepkg.Ahampage.clear(Ahampage.java:28)
at pagepkg.Ahampage.clear(Ahampage.java:28)
at pagepkg.Ahampage.clear(Ahampage.java:28)
at pagepkg.Ahampage.clear(Ahampage.java:28)
at pagepkg.Ahampage.clear(Ahampage.java:28)
at pagepkg.Ahampage.clear(Ahampage.java:28)
at pagepkg.Ahampage.clear(Ahampage.java:28)
at pagepkg.Ahampage.clear(Ahampage.java:28)
at pagepkg.Ahampage.clear(Ahampage.java:28)
at pagepkg.Ahampage.clear(Ahampage.java:28)
at pagepkg.Ahampage.clear(Ahampage.java:28)
at pagepkg.Ahampage.clear(Ahampage.java:28)
at pagepkg.Ahampage.clear(Ahampage.java:28)
at pagepkg.Ahampage.clear(Ahampage.java:28)
at pagepkg.Ahampage.clear(Ahampage.java:28)
at pagepkg.Ahampage.clear(Ahampage.java:28)
at pagepkg.Ahampage.clear(Ahampage.java:28)
at pagepkg.Ahampage.clear(Ahampage.java:28)
at pagepkg.Ahampage.clear(Ahampage.java:28)
at pagepkg.Ahampage.clear(Ahampage.java:28)
at pagepkg.Ahampage.clear(Ahampage.java:28)
at pagepkg.Ahampage.clear(Ahampage.java:28)
at pagepkg.Ahampage.clear(Ahampage.java:28)
at pagepkg.Ahampage.clear(Ahampage.java:28)
at pagepkg.Ahampage.clear(Ahampage.java:28)
at pagepkg.Ahampage.clear(Ahampage.java:28)
at pagepkg.Ahampage.clear(Ahampage.java:28)
at pagepkg.Ahampage.clear(Ahampage.java:28)
at pagepkg.Ahampage.clear(Ahampage.java:28)
at pagepkg.Ahampage.clear(Ahampage.java:28)
at pagepkg.Ahampage.clear(Ahampage.java:28)
at pagepkg.Ahampage.clear(Ahampage.java:28)
at pagepkg.Ahampage.clear(Ahampage.java:28)
at pagepkg.Ahampage.clear(Ahampage.java:28)
at pagepkg.Ahampage.clear(Ahampage.java:28)
at pagepkg.Ahampage.clear(Ahampage.java:28)
at pagepkg.Ahampage.clear(Ahampage.java:28)
at pagepkg.Ahampage.clear(Ahampage.java:28)
at pagepkg.Ahampage.clear(Ahampage.java:28)
at pagepkg.Ahampage.clear(Ahampage.java:28)
at pagepkg.Ahampage.clear(Ahampage.java:28)
at pagepkg.Ahampage.clear(Ahampage.java:28)
at pagepkg.Ahampage.clear(Ahampage.java:28)
at pagepkg.Ahampage.clear(Ahampage.java:28)
at pagepkg.Ahampage.clear(Ahampage.java:28)
at pagepkg.Ahampage.clear(Ahampage.java:28)
at pagepkg.Ahampage.clear(Ahampage.java:28)
at pagepkg.Ahampage.clear(Ahampage.java:28)
at pagepkg.Ahampage.clear(Ahampage.java:28)
at pagepkg.Ahampage.clear(Ahampage.java:28)
at pagepkg.Ahampage.clear(Ahampage.java:28)
at pagepkg.Ahampage.clear(Ahampage.java:28)
at pagepkg.Ahampage.clear(Ahampage.java:28)
at pagepkg.Ahampage.clear(Ahampage.java:28)
at pagepkg.Ahampage.clear(Ahampage.java:28)
at pagepkg.Ahampage.clear(Ahampage.java:28)
at pagepkg.Ahampage.clear(Ahampage.java:28)
at pagepkg.Ahampage.clear(Ahampage.java:28)
at pagepkg.Ahampage.clear(Ahampage.java:28)
at pagepkg.Ahampage.clear(Ahampage.java:28)
at pagepkg.Ahampage.clear(Ahampage.java:28)
at pagepkg.Ahampage.clear(Ahampage.java:28)
at pagepkg.Ahampage.clear(Ahampage.java:28)
at pagepkg.Ahampage.clear(Ahampage.java:28)
at pagepkg.Ahampage.clear(Ahampage.java:28)
at pagepkg.Ahampage.clear(Ahampage.java:28)
at pagepkg.Ahampage.clear(Ahampage.java:28)
at pagepkg.Ahampage.clear(Ahampage.java:28)
at pagepkg.Ahampage.clear(Ahampage.java:28)
at pagepkg.Ahampage.clear(Ahampage.java:28)
at pagepkg.Ahampage.clear(Ahampage.java:28)
at pagepkg.Ahampage.clear(Ahampage.java:28)
at pagepkg.Ahampage.clear(Ahampage.java:28)
at pagepkg.Ahampage.clear(Ahampage.java:28)
at pagepkg.Ahampage.clear(Ahampage.java:28)
at pagepkg.Ahampage.clear(Ahampage.java:28)
at pagepkg.Ahampage.clear(Ahampage.java:28)
at pagepkg.Ahampage.clear(Ahampage.java:28)
at pagepkg.Ahampage.clear(Ahampage.java:28)
at pagepkg.Ahampage.clear(Ahampage.java:28)
at pagepkg.Ahampage.clear(Ahampage.java:28)
at pagepkg.Ahampage.clear(Ahampage.java:28)
at pagepkg.Ahampage.clear(Ahampage.java:28)
at pagepkg.Ahampage.clear(Ahampage.java:28)
at pagepkg.Ahampage.clear(Ahampage.java:28)
at pagepkg.Ahampage.clear(Ahampage.java:28)
at pagepkg.Ahampage.clear(Ahampage.java:28)
at pagepkg.Ahampage.clear(Ahampage.java:28)
at pagepkg.Ahampage.clear(Ahampage.java:28)
at pagepkg.Ahampage.clear(Ahampage.java:28)
at pagepkg.Ahampage.clear(Ahampage.java:28)
at pagepkg.Ahampage.clear(Ahampage.java:28)
at pagepkg.Ahampage.clear(Ahampage.java:28)
at pagepkg.Ahampage.clear(Ahampage.java:28)
at pagepkg.Ahampage.clear(Ahampage.java:28)
at pagepkg.Ahampage.clear(Ahampage.java:28)
at pagepkg.Ahampage.clear(Ahampage.java:28)
at pagepkg.Ahampage.clear(Ahampage.java:28)
at pagepkg.Ahampage.clear(Ahampage.java:28)
at pagepkg.Ahampage.clear(Ahampage.java:28)
at pagepkg.Ahampage.clear(Ahampage.java:28)
at pagepkg.Ahampage.clear(Ahampage.java:28)
at pagepkg.Ahampage.clear(Ahampage.java:28)
at pagepkg.Ahampage.clear(Ahampage.java:28)
at pagepkg.Ahampage.clear(Ahampage.java:28)
at pagepkg.Ahampage.clear(Ahampage.java:28)
at pagepkg.Ahampage.clear(Ahampage.java:28)
at pagepkg.Ahampage.clear(Ahampage.java:28)
at pagepkg.Ahampage.clear(Ahampage.java:28)
at pagepkg.Ahampage.clear(Ahampage.java:28)
at pagepkg.Ahampage.clear(Ahampage.java:28)
at pagepkg.Ahampage.clear(Ahampage.java:28)
at pagepkg.Ahampage.clear(Ahampage.java:28)
at pagepkg.Ahampage.clear(Ahampage.java:28)
at pagepkg.Ahampage.clear(Ahampage.java:28)
at pagepkg.Ahampage.clear(Ahampage.java:28)
at pagepkg.Ahampage.clear(Ahampage.java:28)
at pagepkg.Ahampage.clear(Ahampage.java:28)
at pagepkg.Ahampage.clear(Ahampage.java:28)
at pagepkg.Ahampage.clear(Ahampage.java:28)
at pagepkg.Ahampage.clear(Ahampage.java:28)
at pagepkg.Ahampage.clear(Ahampage.java:28)
at pagepkg.Ahampage.clear(Ahampage.java:28)
at pagepkg.Ahampage.clear(Ahampage.java:28)
at pagepkg.Ahampage.clear(Ahampage.java:28)
at pagepkg.Ahampage.clear(Ahampage.java:28)
at pagepkg.Ahampage.clear(Ahampage.java:28)
at pagepkg.Ahampage.clear(Ahampage.java:28)
at pagepkg.Ahampage.clear(Ahampage.java:28)
at pagepkg.Ahampage.clear(Ahampage.java:28)
at pagepkg.Ahampage.clear(Ahampage.java:28)
at pagepkg.Ahampage.clear(Ahampage.java:28)
at pagepkg.Ahampage.clear(Ahampage.java:28)
at pagepkg.Ahampage.clear(Ahampage.java:28)
at pagepkg.Ahampage.clear(Ahampage.java:28)
at pagepkg.Ahampage.clear(Ahampage.java:28)
at pagepkg.Ahampage.clear(Ahampage.java:28)
at pagepkg.Ahampage.clear(Ahampage.java:28)
at pagepkg.Ahampage.clear(Ahampage.java:28)
at pagepkg.Ahampage.clear(Ahampage.java:28)
at pagepkg.Ahampage.clear(Ahampage.java:28)
at pagepkg.Ahampage.clear(Ahampage.java:28)
at pagepkg.Ahampage.clear(Ahampage.java:28)
at pagepkg.Ahampage.clear(Ahampage.java:28)
at pagepkg.Ahampage.clear(Ahampage.java:28)
at pagepkg.Ahampage.clear(Ahampage.java:28)
at pagepkg.Ahampage.clear(Ahampage.java:28)
at pagepkg.Ahampage.clear(Ahampage.java:28)
at pagepkg.Ahampage.clear(Ahampage.java:28)
at pagepkg.Ahampage.clear(Ahampage.java:28)
at pagepkg.Ahampage.clear(Ahampage.java:28)
at pagepkg.Ahampage.clear(Ahampage.java:28)
at pagepkg.Ahampage.clear(Ahampage.java:28)
at pagepkg.Ahampage.clear(Ahampage.java:28)
at pagepkg.Ahampage.clear(Ahampage.java:28)
at pagepkg.Ahampage.clear(Ahampage.java:28)
at pagepkg.Ahampage.clear(Ahampage.java:28)
at pagepkg.Ahampage.clear(Ahampage.java:28)
at pagepkg.Ahampage.clear(Ahampage.java:28)
at pagepkg.Ahampage.clear(Ahampage.java:28)
at pagepkg.Ahampage.clear(Ahampage.java:28)
at pagepkg.Ahampage.clear(Ahampage.java:28)
at pagepkg.Ahampage.clear(Ahampage.java:28)
at pagepkg.Ahampage.clear(Ahampage.java:28)
at pagepkg.Ahampage.clear(Ahampage.java:28)
at pagepkg.Ahampage.clear(Ahampage.java:28)
at pagepkg.Ahampage.clear(Ahampage.java:28)
at pagepkg.Ahampage.clear(Ahampage.java:28)
at pagepkg.Ahampage.clear(Ahampage.java:28)
at pagepkg.Ahampage.clear(Ahampage.java:28)
at pagepkg.Ahampage.clear(Ahampage.java:28)
at pagepkg.Ahampage.clear(Ahampage.java:28)
at pagepkg.Ahampage.clear(Ahampage.java:28)
at pagepkg.Ahampage.clear(Ahampage.java:28)
at pagepkg.Ahampage.clear(Ahampage.java:28)
at pagepkg.Ahampage.clear(Ahampage.java:28)
at pagepkg.Ahampage.clear(Ahampage.java:28)
at pagepkg.Ahampage.clear(Ahampage.java:28)
at pagepkg.Ahampage.clear(Ahampage.java:28)
at pagepkg.Ahampage.clear(Ahampage.java:28)
at pagepkg.Ahampage.clear(Ahampage.java:28)
at pagepkg.Ahampage.clear(Ahampage.java:28)
at pagepkg.Ahampage.clear(Ahampage.java:28)
at pagepkg.Ahampage.clear(Ahampage.java:28)
at pagepkg.Ahampage.clear(Ahampage.java:28)
at pagepkg.Ahampage.clear(Ahampage.java:28)
at pagepkg.Ahampage.clear(Ahampage.java:28)
at pagepkg.Ahampage.clear(Ahampage.java:28)
at pagepkg.Ahampage.clear(Ahampage.java:28)
at pagepkg.Ahampage.clear(Ahampage.java:28)
at pagepkg.Ahampage.clear(Ahampage.java:28)
at pagepkg.Ahampage.clear(Ahampage.java:28)
at pagepkg.Ahampage.clear(Ahampage.java:28)
at pagepkg.Ahampage.clear(Ahampage.java:28)
at pagepkg.Ahampage.clear(Ahampage.java:28)
at pagepkg.Ahampage.clear(Ahampage.java:28)
at pagepkg.Ahampage.clear(Ahampage.java:28)
at pagepkg.Ahampage.clear(Ahampage.java:28)
at pagepkg.Ahampage.clear(Ahampage.java:28)
at pagepkg.Ahampage.clear(Ahampage.java:28)
at pagepkg.Ahampage.clear(Ahampage.java:28)
at pagepkg.Ahampage.clear(Ahampage.java:28)
at pagepkg.Ahampage.clear(Ahampage.java:28)
at pagepkg.Ahampage.clear(Ahampage.java:28)
at pagepkg.Ahampage.clear(Ahampage.java:28)
at pagepkg.Ahampage.clear(Ahampage.java:28)
at pagepkg.Ahampage.clear(Ahampage.java:28)
at pagepkg.Ahampage.clear(Ahampage.java:28)
at pagepkg.Ahampage.clear(Ahampage.java:28)
at pagepkg.Ahampage.clear(Ahampage.java:28)
at pagepkg.Ahampage.clear(Ahampage.java:28)
at pagepkg.Ahampage.clear(Ahampage.java:28)
at pagepkg.Ahampage.clear(Ahampage.java:28)
at pagepkg.Ahampage.clear(Ahampage.java:28)
at pagepkg.Ahampage.clear(Ahampage.java:28)
at pagepkg.Ahampage.clear(Ahampage.java:28)
at pagepkg.Ahampage.clear(Ahampage.java:28)
at pagepkg.Ahampage.clear(Ahampage.java:28)
at pagepkg.Ahampage.clear(Ahampage.java:28)
at pagepkg.Ahampage.clear(Ahampage.java:28)
at pagepkg.Ahampage.clear(Ahampage.java:28)
at pagepkg.Ahampage.clear(Ahampage.java:28)
at pagepkg.Ahampage.clear(Ahampage.java:28)
at pagepkg.Ahampage.clear(Ahampage.java:28)
at pagepkg.Ahampage.clear(Ahampage.java:28)
at pagepkg.Ahampage.clear(Ahampage.java:28)
at pagepkg.Ahampage.clear(Ahampage.java:28)
at pagepkg.Ahampage.clear(Ahampage.java:28)
at pagepkg.Ahampage.clear(Ahampage.java:28)
at pagepkg.Ahampage.clear(Ahampage.java:28)
at pagepkg.Ahampage.clear(Ahampage.java:28)
at pagepkg.Ahampage.clear(Ahampage.java:28)
at pagepkg.Ahampage.clear(Ahampage.java:28)
at pagepkg.Ahampage.clear(Ahampage.java:28)
at pagepkg.Ahampage.clear(Ahampage.java:28)
at pagepkg.Ahampage.clear(Ahampage.java:28)
at pagepkg.Ahampage.clear(Ahampage.java:28)
at pagepkg.Ahampage.clear(Ahampage.java:28)
]]>
            </full-stacktrace>
          </exception> <!-- java.lang.StackOverflowError -->
          <reporter-output>
          </reporter-output>
        </test-method> <!-- login -->
      </class> <!-- testpkg.Ahamtest -->
    </test> <!-- Default test -->
  </suite> <!-- Default suite -->
</testng-results>
